<html>
<head>
<title>TestNG:  Summation call test</title>
<link href="../testng.css" rel="stylesheet" type="text/css" />
<link href="../my-testng.css" rel="stylesheet" type="text/css" />

<style type="text/css">
.log { display: none;} 
.stack-trace { display: none;} 
</style>
<script type="text/javascript">
<!--
function flip(e) {
  current = e.style.display;
  if (current == 'block') {
    e.style.display = 'none';
    return 0;
  }
  else {
    e.style.display = 'block';
    return 1;
  }
}

function toggleBox(szDivId, elem, msg1, msg2)
{
  var res = -1;  if (document.getElementById) {
    res = flip(document.getElementById(szDivId));
  }
  else if (document.all) {
    // this is the way old msie versions work
    res = flip(document.all[szDivId]);
  }
  if(elem) {
    if(res == 0) elem.innerHTML = msg1; else elem.innerHTML = msg2;
  }

}

function toggleAllBoxes() {
  if (document.getElementsByTagName) {
    d = document.getElementsByTagName('div');
    for (i = 0; i < d.length; i++) {
      if (d[i].className == 'log') {
        flip(d[i]);
      }
    }
  }
}

// -->
</script>

</head>
<body>
<h2 align='center'>Summation call test</h2><table border='1' align="center">
<tr>
<td>Tests passed/Failed/Skipped:</td><td>49/18/0</td>
</tr><tr>
<td>Started on:</td><td>Thu Mar 12 18:16:17 MSK 2020</td>
</tr>
<tr><td>Total time:</td><td>0 seconds (122 ms)</td>
</tr><tr>
<td>Included groups:</td><td></td>
</tr><tr>
<td>Excluded groups:</td><td></td>
</tr>
</table><p/>
<small><i>(Hover the method name to see the test class name)</i></small><p/>
<table width='100%' border='1' class='invocation-failed'>
<tr><td colspan='4' align='center'><b>FAILED TESTS</b></td></tr>
<tr><td><b>Test method</b></td>
<td width="30%"><b>Exception</b></td>
<td width="10%"><b>Time (seconds)</b></td>
<td><b>Instance</b></td>
</tr>
<tr>
<td title='com.epam.automation.testsTestNG.CosinesCalcTest.testCosinesFunctionWithTestNG()'><b>testCosinesFunctionWithTestNG</b><br>Test class: com.epam.automation.testsTestNG.CosinesCalcTest<br>Test method: Testing Cos method<br>Parameters: 0, 1</td>
<td><div><pre>java.lang.AssertionError: Invalid result of Cos operation expected [1.0] but found [0.0]
	at com.epam.automation.testsTestNG.CosinesCalcTest.testCosinesFunctionWithTestNG(CosinesCalcTest.java:15)
	at java.util.ArrayList.forEach(ArrayList.java:1257)
	at java.util.concurrent.FutureTask.run(FutureTask.java:266)
	at java.util.concurrent.ThreadPoolExecutor.runWorker(ThreadPoolExecutor.java:1149)
	at java.util.concurrent.ThreadPoolExecutor$Worker.run(ThreadPoolExecutor.java:624)
	at java.lang.Thread.run(Thread.java:748)
... Removed 21 stack frames</pre></div><a href='#' onClick='toggleBox("stack-trace8558907", this, "Click to show all stack frames", "Click to hide stack frames")'>Click to show all stack frames</a>
<div class='stack-trace' id='stack-trace8558907'><pre>java.lang.AssertionError: Invalid result of Cos operation expected [1.0] but found [0.0]
	at org.testng.Assert.fail(Assert.java:97)
	at org.testng.Assert.failNotEquals(Assert.java:969)
	at org.testng.Assert.assertEquals(Assert.java:640)
	at com.epam.automation.testsTestNG.CosinesCalcTest.testCosinesFunctionWithTestNG(CosinesCalcTest.java:15)
	at sun.reflect.NativeMethodAccessorImpl.invoke0(Native Method)
	at sun.reflect.NativeMethodAccessorImpl.invoke(NativeMethodAccessorImpl.java:62)
	at sun.reflect.DelegatingMethodAccessorImpl.invoke(DelegatingMethodAccessorImpl.java:43)
	at java.lang.reflect.Method.invoke(Method.java:498)
	at org.testng.internal.MethodInvocationHelper.invokeMethod(MethodInvocationHelper.java:134)
	at org.testng.internal.TestInvoker.invokeMethod(TestInvoker.java:597)
	at org.testng.internal.TestInvoker.invokeTestMethod(TestInvoker.java:173)
	at org.testng.internal.MethodRunner.runInSequence(MethodRunner.java:46)
	at org.testng.internal.TestInvoker$MethodInvocationAgent.invoke(TestInvoker.java:816)
	at org.testng.internal.TestInvoker.invokeTestMethods(TestInvoker.java:146)
	at org.testng.internal.TestMethodWorker.invokeTestMethods(TestMethodWorker.java:146)
	at org.testng.internal.TestMethodWorker.run(TestMethodWorker.java:128)
	at java.util.ArrayList.forEach(ArrayList.java:1257)
	at org.testng.TestRunner.privateRun(TestRunner.java:766)
	at org.testng.TestRunner.run(TestRunner.java:587)
	at org.testng.SuiteRunner.runTest(SuiteRunner.java:384)
	at org.testng.SuiteRunner.access$000(SuiteRunner.java:28)
	at org.testng.SuiteRunner$SuiteWorker.run(SuiteRunner.java:425)
	at org.testng.internal.thread.ThreadUtil.lambda$execute$0(ThreadUtil.java:68)
	at java.util.concurrent.FutureTask.run(FutureTask.java:266)
	at java.util.concurrent.ThreadPoolExecutor.runWorker(ThreadPoolExecutor.java:1149)
	at java.util.concurrent.ThreadPoolExecutor$Worker.run(ThreadPoolExecutor.java:624)
	at java.lang.Thread.run(Thread.java:748)
</pre></div></td>
<td>0</td>
<td>com.epam.automation.testsTestNG.CosinesCalcTest@42d3bd8b</td></tr>
<tr>
<td title='com.epam.automation.testsTestNG.CosinesCalcTest.testCosinesFunctionWithTestNG()'><b>testCosinesFunctionWithTestNG</b><br>Test class: com.epam.automation.testsTestNG.CosinesCalcTest<br>Test method: Testing Cos method<br>Parameters: 1.5707963267948966, 0</td>
<td><div><pre>java.lang.AssertionError: Invalid result of Cos operation expected [0.0] but found [1.0]
	at com.epam.automation.testsTestNG.CosinesCalcTest.testCosinesFunctionWithTestNG(CosinesCalcTest.java:15)
	at java.util.ArrayList.forEach(ArrayList.java:1257)
	at java.util.concurrent.FutureTask.run(FutureTask.java:266)
	at java.util.concurrent.ThreadPoolExecutor.runWorker(ThreadPoolExecutor.java:1149)
	at java.util.concurrent.ThreadPoolExecutor$Worker.run(ThreadPoolExecutor.java:624)
	at java.lang.Thread.run(Thread.java:748)
... Removed 21 stack frames</pre></div><a href='#' onClick='toggleBox("stack-trace1350128186", this, "Click to show all stack frames", "Click to hide stack frames")'>Click to show all stack frames</a>
<div class='stack-trace' id='stack-trace1350128186'><pre>java.lang.AssertionError: Invalid result of Cos operation expected [0.0] but found [1.0]
	at org.testng.Assert.fail(Assert.java:97)
	at org.testng.Assert.failNotEquals(Assert.java:969)
	at org.testng.Assert.assertEquals(Assert.java:640)
	at com.epam.automation.testsTestNG.CosinesCalcTest.testCosinesFunctionWithTestNG(CosinesCalcTest.java:15)
	at sun.reflect.NativeMethodAccessorImpl.invoke0(Native Method)
	at sun.reflect.NativeMethodAccessorImpl.invoke(NativeMethodAccessorImpl.java:62)
	at sun.reflect.DelegatingMethodAccessorImpl.invoke(DelegatingMethodAccessorImpl.java:43)
	at java.lang.reflect.Method.invoke(Method.java:498)
	at org.testng.internal.MethodInvocationHelper.invokeMethod(MethodInvocationHelper.java:134)
	at org.testng.internal.TestInvoker.invokeMethod(TestInvoker.java:597)
	at org.testng.internal.TestInvoker.invokeTestMethod(TestInvoker.java:173)
	at org.testng.internal.MethodRunner.runInSequence(MethodRunner.java:46)
	at org.testng.internal.TestInvoker$MethodInvocationAgent.invoke(TestInvoker.java:816)
	at org.testng.internal.TestInvoker.invokeTestMethods(TestInvoker.java:146)
	at org.testng.internal.TestMethodWorker.invokeTestMethods(TestMethodWorker.java:146)
	at org.testng.internal.TestMethodWorker.run(TestMethodWorker.java:128)
	at java.util.ArrayList.forEach(ArrayList.java:1257)
	at org.testng.TestRunner.privateRun(TestRunner.java:766)
	at org.testng.TestRunner.run(TestRunner.java:587)
	at org.testng.SuiteRunner.runTest(SuiteRunner.java:384)
	at org.testng.SuiteRunner.access$000(SuiteRunner.java:28)
	at org.testng.SuiteRunner$SuiteWorker.run(SuiteRunner.java:425)
	at org.testng.internal.thread.ThreadUtil.lambda$execute$0(ThreadUtil.java:68)
	at java.util.concurrent.FutureTask.run(FutureTask.java:266)
	at java.util.concurrent.ThreadPoolExecutor.runWorker(ThreadPoolExecutor.java:1149)
	at java.util.concurrent.ThreadPoolExecutor$Worker.run(ThreadPoolExecutor.java:624)
	at java.lang.Thread.run(Thread.java:748)
</pre></div></td>
<td>0</td>
<td>com.epam.automation.testsTestNG.CosinesCalcTest@42d3bd8b</td></tr>
<tr>
<td title='com.epam.automation.testsTestNG.CosinesCalcTest.testCosinesFunctionWithTestNG()'><b>testCosinesFunctionWithTestNG</b><br>Test class: com.epam.automation.testsTestNG.CosinesCalcTest<br>Test method: Testing Cos method<br>Parameters: 0.7853981633974483, 0.7071067811865476</td>
<td><div><pre>java.lang.AssertionError: Invalid result of Cos operation expected [0.7071067811865476] but found [0.7071067811865475]
	at com.epam.automation.testsTestNG.CosinesCalcTest.testCosinesFunctionWithTestNG(CosinesCalcTest.java:15)
	at java.util.ArrayList.forEach(ArrayList.java:1257)
	at java.util.concurrent.FutureTask.run(FutureTask.java:266)
	at java.util.concurrent.ThreadPoolExecutor.runWorker(ThreadPoolExecutor.java:1149)
	at java.util.concurrent.ThreadPoolExecutor$Worker.run(ThreadPoolExecutor.java:624)
	at java.lang.Thread.run(Thread.java:748)
... Removed 21 stack frames</pre></div><a href='#' onClick='toggleBox("stack-trace857107605", this, "Click to show all stack frames", "Click to hide stack frames")'>Click to show all stack frames</a>
<div class='stack-trace' id='stack-trace857107605'><pre>java.lang.AssertionError: Invalid result of Cos operation expected [0.7071067811865476] but found [0.7071067811865475]
	at org.testng.Assert.fail(Assert.java:97)
	at org.testng.Assert.failNotEquals(Assert.java:969)
	at org.testng.Assert.assertEquals(Assert.java:640)
	at com.epam.automation.testsTestNG.CosinesCalcTest.testCosinesFunctionWithTestNG(CosinesCalcTest.java:15)
	at sun.reflect.NativeMethodAccessorImpl.invoke0(Native Method)
	at sun.reflect.NativeMethodAccessorImpl.invoke(NativeMethodAccessorImpl.java:62)
	at sun.reflect.DelegatingMethodAccessorImpl.invoke(DelegatingMethodAccessorImpl.java:43)
	at java.lang.reflect.Method.invoke(Method.java:498)
	at org.testng.internal.MethodInvocationHelper.invokeMethod(MethodInvocationHelper.java:134)
	at org.testng.internal.TestInvoker.invokeMethod(TestInvoker.java:597)
	at org.testng.internal.TestInvoker.invokeTestMethod(TestInvoker.java:173)
	at org.testng.internal.MethodRunner.runInSequence(MethodRunner.java:46)
	at org.testng.internal.TestInvoker$MethodInvocationAgent.invoke(TestInvoker.java:816)
	at org.testng.internal.TestInvoker.invokeTestMethods(TestInvoker.java:146)
	at org.testng.internal.TestMethodWorker.invokeTestMethods(TestMethodWorker.java:146)
	at org.testng.internal.TestMethodWorker.run(TestMethodWorker.java:128)
	at java.util.ArrayList.forEach(ArrayList.java:1257)
	at org.testng.TestRunner.privateRun(TestRunner.java:766)
	at org.testng.TestRunner.run(TestRunner.java:587)
	at org.testng.SuiteRunner.runTest(SuiteRunner.java:384)
	at org.testng.SuiteRunner.access$000(SuiteRunner.java:28)
	at org.testng.SuiteRunner$SuiteWorker.run(SuiteRunner.java:425)
	at org.testng.internal.thread.ThreadUtil.lambda$execute$0(ThreadUtil.java:68)
	at java.util.concurrent.FutureTask.run(FutureTask.java:266)
	at java.util.concurrent.ThreadPoolExecutor.runWorker(ThreadPoolExecutor.java:1149)
	at java.util.concurrent.ThreadPoolExecutor$Worker.run(ThreadPoolExecutor.java:624)
	at java.lang.Thread.run(Thread.java:748)
</pre></div></td>
<td>0</td>
<td>com.epam.automation.testsTestNG.CosinesCalcTest@42d3bd8b</td></tr>
<tr>
<td title='com.epam.automation.testsTestNG.CatangensCalcTest.testCotangensFunctionWithTestNG()'><b>testCotangensFunctionWithTestNG</b><br>Test class: com.epam.automation.testsTestNG.CatangensCalcTest<br>Test method: Testing Ctg method<br>Parameters: 30, 1.7320508075688772</td>
<td><div><pre>java.lang.AssertionError: Invalid result of Ctg operation expected [1.7320508075688772] but found [0.4804727781564516]
	at com.epam.automation.testsTestNG.CatangensCalcTest.testCotangensFunctionWithTestNG(CatangensCalcTest.java:14)
	at java.util.ArrayList.forEach(ArrayList.java:1257)
	at java.util.concurrent.FutureTask.run(FutureTask.java:266)
	at java.util.concurrent.ThreadPoolExecutor.runWorker(ThreadPoolExecutor.java:1149)
	at java.util.concurrent.ThreadPoolExecutor$Worker.run(ThreadPoolExecutor.java:624)
	at java.lang.Thread.run(Thread.java:748)
... Removed 21 stack frames</pre></div><a href='#' onClick='toggleBox("stack-trace927756059", this, "Click to show all stack frames", "Click to hide stack frames")'>Click to show all stack frames</a>
<div class='stack-trace' id='stack-trace927756059'><pre>java.lang.AssertionError: Invalid result of Ctg operation expected [1.7320508075688772] but found [0.4804727781564516]
	at org.testng.Assert.fail(Assert.java:97)
	at org.testng.Assert.failNotEquals(Assert.java:969)
	at org.testng.Assert.assertEquals(Assert.java:640)
	at com.epam.automation.testsTestNG.CatangensCalcTest.testCotangensFunctionWithTestNG(CatangensCalcTest.java:14)
	at sun.reflect.NativeMethodAccessorImpl.invoke0(Native Method)
	at sun.reflect.NativeMethodAccessorImpl.invoke(NativeMethodAccessorImpl.java:62)
	at sun.reflect.DelegatingMethodAccessorImpl.invoke(DelegatingMethodAccessorImpl.java:43)
	at java.lang.reflect.Method.invoke(Method.java:498)
	at org.testng.internal.MethodInvocationHelper.invokeMethod(MethodInvocationHelper.java:134)
	at org.testng.internal.TestInvoker.invokeMethod(TestInvoker.java:597)
	at org.testng.internal.TestInvoker.invokeTestMethod(TestInvoker.java:173)
	at org.testng.internal.MethodRunner.runInSequence(MethodRunner.java:46)
	at org.testng.internal.TestInvoker$MethodInvocationAgent.invoke(TestInvoker.java:816)
	at org.testng.internal.TestInvoker.invokeTestMethods(TestInvoker.java:146)
	at org.testng.internal.TestMethodWorker.invokeTestMethods(TestMethodWorker.java:146)
	at org.testng.internal.TestMethodWorker.run(TestMethodWorker.java:128)
	at java.util.ArrayList.forEach(ArrayList.java:1257)
	at org.testng.TestRunner.privateRun(TestRunner.java:766)
	at org.testng.TestRunner.run(TestRunner.java:587)
	at org.testng.SuiteRunner.runTest(SuiteRunner.java:384)
	at org.testng.SuiteRunner.access$000(SuiteRunner.java:28)
	at org.testng.SuiteRunner$SuiteWorker.run(SuiteRunner.java:425)
	at org.testng.internal.thread.ThreadUtil.lambda$execute$0(ThreadUtil.java:68)
	at java.util.concurrent.FutureTask.run(FutureTask.java:266)
	at java.util.concurrent.ThreadPoolExecutor.runWorker(ThreadPoolExecutor.java:1149)
	at java.util.concurrent.ThreadPoolExecutor$Worker.run(ThreadPoolExecutor.java:624)
	at java.lang.Thread.run(Thread.java:748)
</pre></div></td>
<td>0</td>
<td>com.epam.automation.testsTestNG.CatangensCalcTest@79698539</td></tr>
<tr>
<td title='com.epam.automation.testsTestNG.CatangensCalcTest.testCotangensFunctionWithTestNG()'><b>testCotangensFunctionWithTestNG</b><br>Test class: com.epam.automation.testsTestNG.CatangensCalcTest<br>Test method: Testing Ctg method<br>Parameters: 45, 1</td>
<td><div><pre>java.lang.AssertionError: Invalid result of Ctg operation expected [1.0] but found [0.6557942026326724]
	at com.epam.automation.testsTestNG.CatangensCalcTest.testCotangensFunctionWithTestNG(CatangensCalcTest.java:14)
	at java.util.ArrayList.forEach(ArrayList.java:1257)
	at java.util.concurrent.FutureTask.run(FutureTask.java:266)
	at java.util.concurrent.ThreadPoolExecutor.runWorker(ThreadPoolExecutor.java:1149)
	at java.util.concurrent.ThreadPoolExecutor$Worker.run(ThreadPoolExecutor.java:624)
	at java.lang.Thread.run(Thread.java:748)
... Removed 21 stack frames</pre></div><a href='#' onClick='toggleBox("stack-trace2051643543", this, "Click to show all stack frames", "Click to hide stack frames")'>Click to show all stack frames</a>
<div class='stack-trace' id='stack-trace2051643543'><pre>java.lang.AssertionError: Invalid result of Ctg operation expected [1.0] but found [0.6557942026326724]
	at org.testng.Assert.fail(Assert.java:97)
	at org.testng.Assert.failNotEquals(Assert.java:969)
	at org.testng.Assert.assertEquals(Assert.java:640)
	at com.epam.automation.testsTestNG.CatangensCalcTest.testCotangensFunctionWithTestNG(CatangensCalcTest.java:14)
	at sun.reflect.NativeMethodAccessorImpl.invoke0(Native Method)
	at sun.reflect.NativeMethodAccessorImpl.invoke(NativeMethodAccessorImpl.java:62)
	at sun.reflect.DelegatingMethodAccessorImpl.invoke(DelegatingMethodAccessorImpl.java:43)
	at java.lang.reflect.Method.invoke(Method.java:498)
	at org.testng.internal.MethodInvocationHelper.invokeMethod(MethodInvocationHelper.java:134)
	at org.testng.internal.TestInvoker.invokeMethod(TestInvoker.java:597)
	at org.testng.internal.TestInvoker.invokeTestMethod(TestInvoker.java:173)
	at org.testng.internal.MethodRunner.runInSequence(MethodRunner.java:46)
	at org.testng.internal.TestInvoker$MethodInvocationAgent.invoke(TestInvoker.java:816)
	at org.testng.internal.TestInvoker.invokeTestMethods(TestInvoker.java:146)
	at org.testng.internal.TestMethodWorker.invokeTestMethods(TestMethodWorker.java:146)
	at org.testng.internal.TestMethodWorker.run(TestMethodWorker.java:128)
	at java.util.ArrayList.forEach(ArrayList.java:1257)
	at org.testng.TestRunner.privateRun(TestRunner.java:766)
	at org.testng.TestRunner.run(TestRunner.java:587)
	at org.testng.SuiteRunner.runTest(SuiteRunner.java:384)
	at org.testng.SuiteRunner.access$000(SuiteRunner.java:28)
	at org.testng.SuiteRunner$SuiteWorker.run(SuiteRunner.java:425)
	at org.testng.internal.thread.ThreadUtil.lambda$execute$0(ThreadUtil.java:68)
	at java.util.concurrent.FutureTask.run(FutureTask.java:266)
	at java.util.concurrent.ThreadPoolExecutor.runWorker(ThreadPoolExecutor.java:1149)
	at java.util.concurrent.ThreadPoolExecutor$Worker.run(ThreadPoolExecutor.java:624)
	at java.lang.Thread.run(Thread.java:748)
</pre></div></td>
<td>0</td>
<td>com.epam.automation.testsTestNG.CatangensCalcTest@79698539</td></tr>
<tr>
<td title='com.epam.automation.testsTestNG.CatangensCalcTest.testCotangensFunctionWithTestNG()'><b>testCotangensFunctionWithTestNG</b><br>Test class: com.epam.automation.testsTestNG.CatangensCalcTest<br>Test method: Testing Ctg method<br>Parameters: 270, 0</td>
<td><div><pre>java.lang.AssertionError: Invalid result of Ctg operation expected [0.0] but found [0.9998386139886326]
	at com.epam.automation.testsTestNG.CatangensCalcTest.testCotangensFunctionWithTestNG(CatangensCalcTest.java:14)
	at java.util.ArrayList.forEach(ArrayList.java:1257)
	at java.util.concurrent.FutureTask.run(FutureTask.java:266)
	at java.util.concurrent.ThreadPoolExecutor.runWorker(ThreadPoolExecutor.java:1149)
	at java.util.concurrent.ThreadPoolExecutor$Worker.run(ThreadPoolExecutor.java:624)
	at java.lang.Thread.run(Thread.java:748)
... Removed 21 stack frames</pre></div><a href='#' onClick='toggleBox("stack-trace977562778", this, "Click to show all stack frames", "Click to hide stack frames")'>Click to show all stack frames</a>
<div class='stack-trace' id='stack-trace977562778'><pre>java.lang.AssertionError: Invalid result of Ctg operation expected [0.0] but found [0.9998386139886326]
	at org.testng.Assert.fail(Assert.java:97)
	at org.testng.Assert.failNotEquals(Assert.java:969)
	at org.testng.Assert.assertEquals(Assert.java:640)
	at com.epam.automation.testsTestNG.CatangensCalcTest.testCotangensFunctionWithTestNG(CatangensCalcTest.java:14)
	at sun.reflect.NativeMethodAccessorImpl.invoke0(Native Method)
	at sun.reflect.NativeMethodAccessorImpl.invoke(NativeMethodAccessorImpl.java:62)
	at sun.reflect.DelegatingMethodAccessorImpl.invoke(DelegatingMethodAccessorImpl.java:43)
	at java.lang.reflect.Method.invoke(Method.java:498)
	at org.testng.internal.MethodInvocationHelper.invokeMethod(MethodInvocationHelper.java:134)
	at org.testng.internal.TestInvoker.invokeMethod(TestInvoker.java:597)
	at org.testng.internal.TestInvoker.invokeTestMethod(TestInvoker.java:173)
	at org.testng.internal.MethodRunner.runInSequence(MethodRunner.java:46)
	at org.testng.internal.TestInvoker$MethodInvocationAgent.invoke(TestInvoker.java:816)
	at org.testng.internal.TestInvoker.invokeTestMethods(TestInvoker.java:146)
	at org.testng.internal.TestMethodWorker.invokeTestMethods(TestMethodWorker.java:146)
	at org.testng.internal.TestMethodWorker.run(TestMethodWorker.java:128)
	at java.util.ArrayList.forEach(ArrayList.java:1257)
	at org.testng.TestRunner.privateRun(TestRunner.java:766)
	at org.testng.TestRunner.run(TestRunner.java:587)
	at org.testng.SuiteRunner.runTest(SuiteRunner.java:384)
	at org.testng.SuiteRunner.access$000(SuiteRunner.java:28)
	at org.testng.SuiteRunner$SuiteWorker.run(SuiteRunner.java:425)
	at org.testng.internal.thread.ThreadUtil.lambda$execute$0(ThreadUtil.java:68)
	at java.util.concurrent.FutureTask.run(FutureTask.java:266)
	at java.util.concurrent.ThreadPoolExecutor.runWorker(ThreadPoolExecutor.java:1149)
	at java.util.concurrent.ThreadPoolExecutor$Worker.run(ThreadPoolExecutor.java:624)
	at java.lang.Thread.run(Thread.java:748)
</pre></div></td>
<td>0</td>
<td>com.epam.automation.testsTestNG.CatangensCalcTest@79698539</td></tr>
<tr>
<td title='com.epam.automation.testsTestNG.DivCalcTest.testDivOperationWithDoubleValuesTestNG()'><b>testDivOperationWithDoubleValuesTestNG</b><br>Test class: com.epam.automation.testsTestNG.DivCalcTest<br>Parameters: 1.0, 0, 1.0</td>
<td><div><pre>java.lang.AssertionError: Incorrect result of division operation with double params expected [1.0] but found [Infinity]
	at com.epam.automation.testsTestNG.DivCalcTest.testDivOperationWithDoubleValuesTestNG(DivCalcTest.java:13)
	at java.util.ArrayList.forEach(ArrayList.java:1257)
	at java.util.concurrent.FutureTask.run(FutureTask.java:266)
	at java.util.concurrent.ThreadPoolExecutor.runWorker(ThreadPoolExecutor.java:1149)
	at java.util.concurrent.ThreadPoolExecutor$Worker.run(ThreadPoolExecutor.java:624)
	at java.lang.Thread.run(Thread.java:748)
... Removed 21 stack frames</pre></div><a href='#' onClick='toggleBox("stack-trace1207433841", this, "Click to show all stack frames", "Click to hide stack frames")'>Click to show all stack frames</a>
<div class='stack-trace' id='stack-trace1207433841'><pre>java.lang.AssertionError: Incorrect result of division operation with double params expected [1.0] but found [Infinity]
	at org.testng.Assert.fail(Assert.java:97)
	at org.testng.Assert.failNotEquals(Assert.java:969)
	at org.testng.Assert.assertEquals(Assert.java:640)
	at com.epam.automation.testsTestNG.DivCalcTest.testDivOperationWithDoubleValuesTestNG(DivCalcTest.java:13)
	at sun.reflect.NativeMethodAccessorImpl.invoke0(Native Method)
	at sun.reflect.NativeMethodAccessorImpl.invoke(NativeMethodAccessorImpl.java:62)
	at sun.reflect.DelegatingMethodAccessorImpl.invoke(DelegatingMethodAccessorImpl.java:43)
	at java.lang.reflect.Method.invoke(Method.java:498)
	at org.testng.internal.MethodInvocationHelper.invokeMethod(MethodInvocationHelper.java:134)
	at org.testng.internal.TestInvoker.invokeMethod(TestInvoker.java:597)
	at org.testng.internal.TestInvoker.invokeTestMethod(TestInvoker.java:173)
	at org.testng.internal.MethodRunner.runInSequence(MethodRunner.java:46)
	at org.testng.internal.TestInvoker$MethodInvocationAgent.invoke(TestInvoker.java:816)
	at org.testng.internal.TestInvoker.invokeTestMethods(TestInvoker.java:146)
	at org.testng.internal.TestMethodWorker.invokeTestMethods(TestMethodWorker.java:146)
	at org.testng.internal.TestMethodWorker.run(TestMethodWorker.java:128)
	at java.util.ArrayList.forEach(ArrayList.java:1257)
	at org.testng.TestRunner.privateRun(TestRunner.java:766)
	at org.testng.TestRunner.run(TestRunner.java:587)
	at org.testng.SuiteRunner.runTest(SuiteRunner.java:384)
	at org.testng.SuiteRunner.access$000(SuiteRunner.java:28)
	at org.testng.SuiteRunner$SuiteWorker.run(SuiteRunner.java:425)
	at org.testng.internal.thread.ThreadUtil.lambda$execute$0(ThreadUtil.java:68)
	at java.util.concurrent.FutureTask.run(FutureTask.java:266)
	at java.util.concurrent.ThreadPoolExecutor.runWorker(ThreadPoolExecutor.java:1149)
	at java.util.concurrent.ThreadPoolExecutor$Worker.run(ThreadPoolExecutor.java:624)
	at java.lang.Thread.run(Thread.java:748)
</pre></div></td>
<td>0</td>
<td>com.epam.automation.testsTestNG.DivCalcTest@26ba2a48</td></tr>
<tr>
<td title='com.epam.automation.testsTestNG.DivCalcTest.testDivOperationWithLongValuesTestNG()'><b>testDivOperationWithLongValuesTestNG</b><br>Test class: com.epam.automation.testsTestNG.DivCalcTest<br>Parameters: 0, 0, 0</td>
<td><div><pre>java.lang.NumberFormatException: Attempt to divide by zero
	at com.epam.tat.module4.Calculator.div(Calculator.java:34)
	at com.epam.automation.testsTestNG.DivCalcTest.testDivOperationWithLongValuesTestNG(DivCalcTest.java:30)
	at java.util.ArrayList.forEach(ArrayList.java:1257)
	at java.util.concurrent.FutureTask.run(FutureTask.java:266)
	at java.util.concurrent.ThreadPoolExecutor.runWorker(ThreadPoolExecutor.java:1149)
	at java.util.concurrent.ThreadPoolExecutor$Worker.run(ThreadPoolExecutor.java:624)
	at java.lang.Thread.run(Thread.java:748)
... Removed 18 stack frames</pre></div><a href='#' onClick='toggleBox("stack-trace1941705304", this, "Click to show all stack frames", "Click to hide stack frames")'>Click to show all stack frames</a>
<div class='stack-trace' id='stack-trace1941705304'><pre>java.lang.NumberFormatException: Attempt to divide by zero
	at com.epam.tat.module4.Calculator.div(Calculator.java:34)
	at com.epam.automation.testsTestNG.DivCalcTest.testDivOperationWithLongValuesTestNG(DivCalcTest.java:30)
	at sun.reflect.NativeMethodAccessorImpl.invoke0(Native Method)
	at sun.reflect.NativeMethodAccessorImpl.invoke(NativeMethodAccessorImpl.java:62)
	at sun.reflect.DelegatingMethodAccessorImpl.invoke(DelegatingMethodAccessorImpl.java:43)
	at java.lang.reflect.Method.invoke(Method.java:498)
	at org.testng.internal.MethodInvocationHelper.invokeMethod(MethodInvocationHelper.java:134)
	at org.testng.internal.TestInvoker.invokeMethod(TestInvoker.java:597)
	at org.testng.internal.TestInvoker.invokeTestMethod(TestInvoker.java:173)
	at org.testng.internal.MethodRunner.runInSequence(MethodRunner.java:46)
	at org.testng.internal.TestInvoker$MethodInvocationAgent.invoke(TestInvoker.java:816)
	at org.testng.internal.TestInvoker.invokeTestMethods(TestInvoker.java:146)
	at org.testng.internal.TestMethodWorker.invokeTestMethods(TestMethodWorker.java:146)
	at org.testng.internal.TestMethodWorker.run(TestMethodWorker.java:128)
	at java.util.ArrayList.forEach(ArrayList.java:1257)
	at org.testng.TestRunner.privateRun(TestRunner.java:766)
	at org.testng.TestRunner.run(TestRunner.java:587)
	at org.testng.SuiteRunner.runTest(SuiteRunner.java:384)
	at org.testng.SuiteRunner.access$000(SuiteRunner.java:28)
	at org.testng.SuiteRunner$SuiteWorker.run(SuiteRunner.java:425)
	at org.testng.internal.thread.ThreadUtil.lambda$execute$0(ThreadUtil.java:68)
	at java.util.concurrent.FutureTask.run(FutureTask.java:266)
	at java.util.concurrent.ThreadPoolExecutor.runWorker(ThreadPoolExecutor.java:1149)
	at java.util.concurrent.ThreadPoolExecutor$Worker.run(ThreadPoolExecutor.java:624)
	at java.lang.Thread.run(Thread.java:748)
</pre></div></td>
<td>0</td>
<td>com.epam.automation.testsTestNG.DivCalcTest@26ba2a48</td></tr>
<tr>
<td title='com.epam.automation.testsTestNG.IsPositiveTest.testIsNegativeValueWithPositiveParamTestNG()'><b>testIsNegativeValueWithPositiveParamTestNG</b><br>Test class: com.epam.automation.testsTestNG.IsPositiveTest<br>Parameters: -1, true</td>
<td><div><pre>java.lang.AssertionError: Is positive operation has been failed expected [true] but found [false]
	at com.epam.automation.testsTestNG.IsPositiveTest.testIsNegativeValueWithPositiveParamTestNG(IsPositiveTest.java:13)
	at java.util.ArrayList.forEach(ArrayList.java:1257)
	at java.util.concurrent.FutureTask.run(FutureTask.java:266)
	at java.util.concurrent.ThreadPoolExecutor.runWorker(ThreadPoolExecutor.java:1149)
	at java.util.concurrent.ThreadPoolExecutor$Worker.run(ThreadPoolExecutor.java:624)
	at java.lang.Thread.run(Thread.java:748)
... Removed 22 stack frames</pre></div><a href='#' onClick='toggleBox("stack-trace1272413358", this, "Click to show all stack frames", "Click to hide stack frames")'>Click to show all stack frames</a>
<div class='stack-trace' id='stack-trace1272413358'><pre>java.lang.AssertionError: Is positive operation has been failed expected [true] but found [false]
	at org.testng.Assert.fail(Assert.java:97)
	at org.testng.Assert.assertEqualsImpl(Assert.java:136)
	at org.testng.Assert.assertEquals(Assert.java:118)
	at org.testng.Assert.assertEquals(Assert.java:751)
	at com.epam.automation.testsTestNG.IsPositiveTest.testIsNegativeValueWithPositiveParamTestNG(IsPositiveTest.java:13)
	at sun.reflect.NativeMethodAccessorImpl.invoke0(Native Method)
	at sun.reflect.NativeMethodAccessorImpl.invoke(NativeMethodAccessorImpl.java:62)
	at sun.reflect.DelegatingMethodAccessorImpl.invoke(DelegatingMethodAccessorImpl.java:43)
	at java.lang.reflect.Method.invoke(Method.java:498)
	at org.testng.internal.MethodInvocationHelper.invokeMethod(MethodInvocationHelper.java:134)
	at org.testng.internal.TestInvoker.invokeMethod(TestInvoker.java:597)
	at org.testng.internal.TestInvoker.invokeTestMethod(TestInvoker.java:173)
	at org.testng.internal.MethodRunner.runInSequence(MethodRunner.java:46)
	at org.testng.internal.TestInvoker$MethodInvocationAgent.invoke(TestInvoker.java:816)
	at org.testng.internal.TestInvoker.invokeTestMethods(TestInvoker.java:146)
	at org.testng.internal.TestMethodWorker.invokeTestMethods(TestMethodWorker.java:146)
	at org.testng.internal.TestMethodWorker.run(TestMethodWorker.java:128)
	at java.util.ArrayList.forEach(ArrayList.java:1257)
	at org.testng.TestRunner.privateRun(TestRunner.java:766)
	at org.testng.TestRunner.run(TestRunner.java:587)
	at org.testng.SuiteRunner.runTest(SuiteRunner.java:384)
	at org.testng.SuiteRunner.access$000(SuiteRunner.java:28)
	at org.testng.SuiteRunner$SuiteWorker.run(SuiteRunner.java:425)
	at org.testng.internal.thread.ThreadUtil.lambda$execute$0(ThreadUtil.java:68)
	at java.util.concurrent.FutureTask.run(FutureTask.java:266)
	at java.util.concurrent.ThreadPoolExecutor.runWorker(ThreadPoolExecutor.java:1149)
	at java.util.concurrent.ThreadPoolExecutor$Worker.run(ThreadPoolExecutor.java:624)
	at java.lang.Thread.run(Thread.java:748)
</pre></div></td>
<td>0</td>
<td>com.epam.automation.testsTestNG.IsPositiveTest@73f792cf</td></tr>
<tr>
<td title='com.epam.automation.testsTestNG.IsNegativeTest.testIsNegativeValueWithPositiveParamTestNG()'><b>testIsNegativeValueWithPositiveParamTestNG</b><br>Test class: com.epam.automation.testsTestNG.IsNegativeTest<br>Parameters: -45, false</td>
<td><div><pre>java.lang.AssertionError: Is negative operation has been failed expected [false] but found [true]
	at com.epam.automation.testsTestNG.IsNegativeTest.testIsNegativeValueWithPositiveParamTestNG(IsNegativeTest.java:13)
	at java.util.ArrayList.forEach(ArrayList.java:1257)
	at java.util.concurrent.FutureTask.run(FutureTask.java:266)
	at java.util.concurrent.ThreadPoolExecutor.runWorker(ThreadPoolExecutor.java:1149)
	at java.util.concurrent.ThreadPoolExecutor$Worker.run(ThreadPoolExecutor.java:624)
	at java.lang.Thread.run(Thread.java:748)
... Removed 22 stack frames</pre></div><a href='#' onClick='toggleBox("stack-trace810702510", this, "Click to show all stack frames", "Click to hide stack frames")'>Click to show all stack frames</a>
<div class='stack-trace' id='stack-trace810702510'><pre>java.lang.AssertionError: Is negative operation has been failed expected [false] but found [true]
	at org.testng.Assert.fail(Assert.java:97)
	at org.testng.Assert.assertEqualsImpl(Assert.java:136)
	at org.testng.Assert.assertEquals(Assert.java:118)
	at org.testng.Assert.assertEquals(Assert.java:751)
	at com.epam.automation.testsTestNG.IsNegativeTest.testIsNegativeValueWithPositiveParamTestNG(IsNegativeTest.java:13)
	at sun.reflect.NativeMethodAccessorImpl.invoke0(Native Method)
	at sun.reflect.NativeMethodAccessorImpl.invoke(NativeMethodAccessorImpl.java:62)
	at sun.reflect.DelegatingMethodAccessorImpl.invoke(DelegatingMethodAccessorImpl.java:43)
	at java.lang.reflect.Method.invoke(Method.java:498)
	at org.testng.internal.MethodInvocationHelper.invokeMethod(MethodInvocationHelper.java:134)
	at org.testng.internal.TestInvoker.invokeMethod(TestInvoker.java:597)
	at org.testng.internal.TestInvoker.invokeTestMethod(TestInvoker.java:173)
	at org.testng.internal.MethodRunner.runInSequence(MethodRunner.java:46)
	at org.testng.internal.TestInvoker$MethodInvocationAgent.invoke(TestInvoker.java:816)
	at org.testng.internal.TestInvoker.invokeTestMethods(TestInvoker.java:146)
	at org.testng.internal.TestMethodWorker.invokeTestMethods(TestMethodWorker.java:146)
	at org.testng.internal.TestMethodWorker.run(TestMethodWorker.java:128)
	at java.util.ArrayList.forEach(ArrayList.java:1257)
	at org.testng.TestRunner.privateRun(TestRunner.java:766)
	at org.testng.TestRunner.run(TestRunner.java:587)
	at org.testng.SuiteRunner.runTest(SuiteRunner.java:384)
	at org.testng.SuiteRunner.access$000(SuiteRunner.java:28)
	at org.testng.SuiteRunner$SuiteWorker.run(SuiteRunner.java:425)
	at org.testng.internal.thread.ThreadUtil.lambda$execute$0(ThreadUtil.java:68)
	at java.util.concurrent.FutureTask.run(FutureTask.java:266)
	at java.util.concurrent.ThreadPoolExecutor.runWorker(ThreadPoolExecutor.java:1149)
	at java.util.concurrent.ThreadPoolExecutor$Worker.run(ThreadPoolExecutor.java:624)
	at java.lang.Thread.run(Thread.java:748)
</pre></div></td>
<td>0</td>
<td>com.epam.automation.testsTestNG.IsNegativeTest@5f2050f6</td></tr>
<tr>
<td title='com.epam.automation.testsTestNG.PowCalcTest.testPowerFunctionWithTestNG()'><b>testPowerFunctionWithTestNG</b><br>Test class: com.epam.automation.testsTestNG.PowCalcTest<br>Test method: Testing Pow method<br>Parameters: 2, 2.5, 5.65685424949238</td>
<td><div><pre>java.lang.AssertionError: Invalid result of Pow operation expected [5.65685424949238] but found [4.0]
	at com.epam.automation.testsTestNG.PowCalcTest.testPowerFunctionWithTestNG(PowCalcTest.java:14)
	at java.util.ArrayList.forEach(ArrayList.java:1257)
	at java.util.concurrent.FutureTask.run(FutureTask.java:266)
	at java.util.concurrent.ThreadPoolExecutor.runWorker(ThreadPoolExecutor.java:1149)
	at java.util.concurrent.ThreadPoolExecutor$Worker.run(ThreadPoolExecutor.java:624)
	at java.lang.Thread.run(Thread.java:748)
... Removed 21 stack frames</pre></div><a href='#' onClick='toggleBox("stack-trace731399165", this, "Click to show all stack frames", "Click to hide stack frames")'>Click to show all stack frames</a>
<div class='stack-trace' id='stack-trace731399165'><pre>java.lang.AssertionError: Invalid result of Pow operation expected [5.65685424949238] but found [4.0]
	at org.testng.Assert.fail(Assert.java:97)
	at org.testng.Assert.failNotEquals(Assert.java:969)
	at org.testng.Assert.assertEquals(Assert.java:640)
	at com.epam.automation.testsTestNG.PowCalcTest.testPowerFunctionWithTestNG(PowCalcTest.java:14)
	at sun.reflect.NativeMethodAccessorImpl.invoke0(Native Method)
	at sun.reflect.NativeMethodAccessorImpl.invoke(NativeMethodAccessorImpl.java:62)
	at sun.reflect.DelegatingMethodAccessorImpl.invoke(DelegatingMethodAccessorImpl.java:43)
	at java.lang.reflect.Method.invoke(Method.java:498)
	at org.testng.internal.MethodInvocationHelper.invokeMethod(MethodInvocationHelper.java:134)
	at org.testng.internal.TestInvoker.invokeMethod(TestInvoker.java:597)
	at org.testng.internal.TestInvoker.invokeTestMethod(TestInvoker.java:173)
	at org.testng.internal.MethodRunner.runInSequence(MethodRunner.java:46)
	at org.testng.internal.TestInvoker$MethodInvocationAgent.invoke(TestInvoker.java:816)
	at org.testng.internal.TestInvoker.invokeTestMethods(TestInvoker.java:146)
	at org.testng.internal.TestMethodWorker.invokeTestMethods(TestMethodWorker.java:146)
	at org.testng.internal.TestMethodWorker.run(TestMethodWorker.java:128)
	at java.util.ArrayList.forEach(ArrayList.java:1257)
	at org.testng.TestRunner.privateRun(TestRunner.java:766)
	at org.testng.TestRunner.run(TestRunner.java:587)
	at org.testng.SuiteRunner.runTest(SuiteRunner.java:384)
	at org.testng.SuiteRunner.access$000(SuiteRunner.java:28)
	at org.testng.SuiteRunner$SuiteWorker.run(SuiteRunner.java:425)
	at org.testng.internal.thread.ThreadUtil.lambda$execute$0(ThreadUtil.java:68)
	at java.util.concurrent.FutureTask.run(FutureTask.java:266)
	at java.util.concurrent.ThreadPoolExecutor.runWorker(ThreadPoolExecutor.java:1149)
	at java.util.concurrent.ThreadPoolExecutor$Worker.run(ThreadPoolExecutor.java:624)
	at java.lang.Thread.run(Thread.java:748)
</pre></div></td>
<td>0</td>
<td>com.epam.automation.testsTestNG.PowCalcTest@38082d64</td></tr>
<tr>
<td title='com.epam.automation.testsTestNG.PowCalcTest.testPowerFunctionWithTestNG()'><b>testPowerFunctionWithTestNG</b><br>Test class: com.epam.automation.testsTestNG.PowCalcTest<br>Test method: Testing Pow method<br>Parameters: 4.12, 0, 4.12</td>
<td><div><pre>java.lang.AssertionError: Invalid result of Pow operation expected [4.12] but found [1.0]
	at com.epam.automation.testsTestNG.PowCalcTest.testPowerFunctionWithTestNG(PowCalcTest.java:14)
	at java.util.ArrayList.forEach(ArrayList.java:1257)
	at java.util.concurrent.FutureTask.run(FutureTask.java:266)
	at java.util.concurrent.ThreadPoolExecutor.runWorker(ThreadPoolExecutor.java:1149)
	at java.util.concurrent.ThreadPoolExecutor$Worker.run(ThreadPoolExecutor.java:624)
	at java.lang.Thread.run(Thread.java:748)
... Removed 21 stack frames</pre></div><a href='#' onClick='toggleBox("stack-trace1855207611", this, "Click to show all stack frames", "Click to hide stack frames")'>Click to show all stack frames</a>
<div class='stack-trace' id='stack-trace1855207611'><pre>java.lang.AssertionError: Invalid result of Pow operation expected [4.12] but found [1.0]
	at org.testng.Assert.fail(Assert.java:97)
	at org.testng.Assert.failNotEquals(Assert.java:969)
	at org.testng.Assert.assertEquals(Assert.java:640)
	at com.epam.automation.testsTestNG.PowCalcTest.testPowerFunctionWithTestNG(PowCalcTest.java:14)
	at sun.reflect.NativeMethodAccessorImpl.invoke0(Native Method)
	at sun.reflect.NativeMethodAccessorImpl.invoke(NativeMethodAccessorImpl.java:62)
	at sun.reflect.DelegatingMethodAccessorImpl.invoke(DelegatingMethodAccessorImpl.java:43)
	at java.lang.reflect.Method.invoke(Method.java:498)
	at org.testng.internal.MethodInvocationHelper.invokeMethod(MethodInvocationHelper.java:134)
	at org.testng.internal.TestInvoker.invokeMethod(TestInvoker.java:597)
	at org.testng.internal.TestInvoker.invokeTestMethod(TestInvoker.java:173)
	at org.testng.internal.MethodRunner.runInSequence(MethodRunner.java:46)
	at org.testng.internal.TestInvoker$MethodInvocationAgent.invoke(TestInvoker.java:816)
	at org.testng.internal.TestInvoker.invokeTestMethods(TestInvoker.java:146)
	at org.testng.internal.TestMethodWorker.invokeTestMethods(TestMethodWorker.java:146)
	at org.testng.internal.TestMethodWorker.run(TestMethodWorker.java:128)
	at java.util.ArrayList.forEach(ArrayList.java:1257)
	at org.testng.TestRunner.privateRun(TestRunner.java:766)
	at org.testng.TestRunner.run(TestRunner.java:587)
	at org.testng.SuiteRunner.runTest(SuiteRunner.java:384)
	at org.testng.SuiteRunner.access$000(SuiteRunner.java:28)
	at org.testng.SuiteRunner$SuiteWorker.run(SuiteRunner.java:425)
	at org.testng.internal.thread.ThreadUtil.lambda$execute$0(ThreadUtil.java:68)
	at java.util.concurrent.FutureTask.run(FutureTask.java:266)
	at java.util.concurrent.ThreadPoolExecutor.runWorker(ThreadPoolExecutor.java:1149)
	at java.util.concurrent.ThreadPoolExecutor$Worker.run(ThreadPoolExecutor.java:624)
	at java.lang.Thread.run(Thread.java:748)
</pre></div></td>
<td>0</td>
<td>com.epam.automation.testsTestNG.PowCalcTest@38082d64</td></tr>
<tr>
<td title='com.epam.automation.testsTestNG.PowCalcTest.testPowerFunctionWithTestNG()'><b>testPowerFunctionWithTestNG</b><br>Test class: com.epam.automation.testsTestNG.PowCalcTest<br>Test method: Testing Pow method<br>Parameters: -1.8, 2, -3.24</td>
<td><div><pre>java.lang.AssertionError: Invalid result of Pow operation expected [-3.24] but found [3.24]
	at com.epam.automation.testsTestNG.PowCalcTest.testPowerFunctionWithTestNG(PowCalcTest.java:14)
	at java.util.ArrayList.forEach(ArrayList.java:1257)
	at java.util.concurrent.FutureTask.run(FutureTask.java:266)
	at java.util.concurrent.ThreadPoolExecutor.runWorker(ThreadPoolExecutor.java:1149)
	at java.util.concurrent.ThreadPoolExecutor$Worker.run(ThreadPoolExecutor.java:624)
	at java.lang.Thread.run(Thread.java:748)
... Removed 21 stack frames</pre></div><a href='#' onClick='toggleBox("stack-trace1826394380", this, "Click to show all stack frames", "Click to hide stack frames")'>Click to show all stack frames</a>
<div class='stack-trace' id='stack-trace1826394380'><pre>java.lang.AssertionError: Invalid result of Pow operation expected [-3.24] but found [3.24]
	at org.testng.Assert.fail(Assert.java:97)
	at org.testng.Assert.failNotEquals(Assert.java:969)
	at org.testng.Assert.assertEquals(Assert.java:640)
	at com.epam.automation.testsTestNG.PowCalcTest.testPowerFunctionWithTestNG(PowCalcTest.java:14)
	at sun.reflect.NativeMethodAccessorImpl.invoke0(Native Method)
	at sun.reflect.NativeMethodAccessorImpl.invoke(NativeMethodAccessorImpl.java:62)
	at sun.reflect.DelegatingMethodAccessorImpl.invoke(DelegatingMethodAccessorImpl.java:43)
	at java.lang.reflect.Method.invoke(Method.java:498)
	at org.testng.internal.MethodInvocationHelper.invokeMethod(MethodInvocationHelper.java:134)
	at org.testng.internal.TestInvoker.invokeMethod(TestInvoker.java:597)
	at org.testng.internal.TestInvoker.invokeTestMethod(TestInvoker.java:173)
	at org.testng.internal.MethodRunner.runInSequence(MethodRunner.java:46)
	at org.testng.internal.TestInvoker$MethodInvocationAgent.invoke(TestInvoker.java:816)
	at org.testng.internal.TestInvoker.invokeTestMethods(TestInvoker.java:146)
	at org.testng.internal.TestMethodWorker.invokeTestMethods(TestMethodWorker.java:146)
	at org.testng.internal.TestMethodWorker.run(TestMethodWorker.java:128)
	at java.util.ArrayList.forEach(ArrayList.java:1257)
	at org.testng.TestRunner.privateRun(TestRunner.java:766)
	at org.testng.TestRunner.run(TestRunner.java:587)
	at org.testng.SuiteRunner.runTest(SuiteRunner.java:384)
	at org.testng.SuiteRunner.access$000(SuiteRunner.java:28)
	at org.testng.SuiteRunner$SuiteWorker.run(SuiteRunner.java:425)
	at org.testng.internal.thread.ThreadUtil.lambda$execute$0(ThreadUtil.java:68)
	at java.util.concurrent.FutureTask.run(FutureTask.java:266)
	at java.util.concurrent.ThreadPoolExecutor.runWorker(ThreadPoolExecutor.java:1149)
	at java.util.concurrent.ThreadPoolExecutor$Worker.run(ThreadPoolExecutor.java:624)
	at java.lang.Thread.run(Thread.java:748)
</pre></div></td>
<td>0</td>
<td>com.epam.automation.testsTestNG.PowCalcTest@38082d64</td></tr>
<tr>
<td title='com.epam.automation.testsTestNG.SinCalcTest.testSinesFunctionWithTestNG()'><b>testSinesFunctionWithTestNG</b><br>Test class: com.epam.automation.testsTestNG.SinCalcTest<br>Test method: Testing Sin method<br>Parameters: -3, 1</td>
<td><div><pre>java.lang.AssertionError: Invalid result of Sin operation expected [1.0] but found [-0.1411200080598672]
	at com.epam.automation.testsTestNG.SinCalcTest.testSinesFunctionWithTestNG(SinCalcTest.java:14)
	at java.util.ArrayList.forEach(ArrayList.java:1257)
	at java.util.concurrent.FutureTask.run(FutureTask.java:266)
	at java.util.concurrent.ThreadPoolExecutor.runWorker(ThreadPoolExecutor.java:1149)
	at java.util.concurrent.ThreadPoolExecutor$Worker.run(ThreadPoolExecutor.java:624)
	at java.lang.Thread.run(Thread.java:748)
... Removed 21 stack frames</pre></div><a href='#' onClick='toggleBox("stack-trace198242068", this, "Click to show all stack frames", "Click to hide stack frames")'>Click to show all stack frames</a>
<div class='stack-trace' id='stack-trace198242068'><pre>java.lang.AssertionError: Invalid result of Sin operation expected [1.0] but found [-0.1411200080598672]
	at org.testng.Assert.fail(Assert.java:97)
	at org.testng.Assert.failNotEquals(Assert.java:969)
	at org.testng.Assert.assertEquals(Assert.java:640)
	at com.epam.automation.testsTestNG.SinCalcTest.testSinesFunctionWithTestNG(SinCalcTest.java:14)
	at sun.reflect.NativeMethodAccessorImpl.invoke0(Native Method)
	at sun.reflect.NativeMethodAccessorImpl.invoke(NativeMethodAccessorImpl.java:62)
	at sun.reflect.DelegatingMethodAccessorImpl.invoke(DelegatingMethodAccessorImpl.java:43)
	at java.lang.reflect.Method.invoke(Method.java:498)
	at org.testng.internal.MethodInvocationHelper.invokeMethod(MethodInvocationHelper.java:134)
	at org.testng.internal.TestInvoker.invokeMethod(TestInvoker.java:597)
	at org.testng.internal.TestInvoker.invokeTestMethod(TestInvoker.java:173)
	at org.testng.internal.MethodRunner.runInSequence(MethodRunner.java:46)
	at org.testng.internal.TestInvoker$MethodInvocationAgent.invoke(TestInvoker.java:816)
	at org.testng.internal.TestInvoker.invokeTestMethods(TestInvoker.java:146)
	at org.testng.internal.TestMethodWorker.invokeTestMethods(TestMethodWorker.java:146)
	at org.testng.internal.TestMethodWorker.run(TestMethodWorker.java:128)
	at java.util.ArrayList.forEach(ArrayList.java:1257)
	at org.testng.TestRunner.privateRun(TestRunner.java:766)
	at org.testng.TestRunner.run(TestRunner.java:587)
	at org.testng.SuiteRunner.runTest(SuiteRunner.java:384)
	at org.testng.SuiteRunner.access$000(SuiteRunner.java:28)
	at org.testng.SuiteRunner$SuiteWorker.run(SuiteRunner.java:425)
	at org.testng.internal.thread.ThreadUtil.lambda$execute$0(ThreadUtil.java:68)
	at java.util.concurrent.FutureTask.run(FutureTask.java:266)
	at java.util.concurrent.ThreadPoolExecutor.runWorker(ThreadPoolExecutor.java:1149)
	at java.util.concurrent.ThreadPoolExecutor$Worker.run(ThreadPoolExecutor.java:624)
	at java.lang.Thread.run(Thread.java:748)
</pre></div></td>
<td>0</td>
<td>com.epam.automation.testsTestNG.SinCalcTest@3b81a1bc</td></tr>
<tr>
<td title='com.epam.automation.testsTestNG.SinCalcTest.testSinesFunctionWithTestNG()'><b>testSinesFunctionWithTestNG</b><br>Test class: com.epam.automation.testsTestNG.SinCalcTest<br>Test method: Testing Sin method<br>Parameters: 1, 1</td>
<td><div><pre>java.lang.AssertionError: Invalid result of Sin operation expected [1.0] but found [0.8414709848078965]
	at com.epam.automation.testsTestNG.SinCalcTest.testSinesFunctionWithTestNG(SinCalcTest.java:14)
	at java.util.ArrayList.forEach(ArrayList.java:1257)
	at java.util.concurrent.FutureTask.run(FutureTask.java:266)
	at java.util.concurrent.ThreadPoolExecutor.runWorker(ThreadPoolExecutor.java:1149)
	at java.util.concurrent.ThreadPoolExecutor$Worker.run(ThreadPoolExecutor.java:624)
	at java.lang.Thread.run(Thread.java:748)
... Removed 21 stack frames</pre></div><a href='#' onClick='toggleBox("stack-trace2031780634", this, "Click to show all stack frames", "Click to hide stack frames")'>Click to show all stack frames</a>
<div class='stack-trace' id='stack-trace2031780634'><pre>java.lang.AssertionError: Invalid result of Sin operation expected [1.0] but found [0.8414709848078965]
	at org.testng.Assert.fail(Assert.java:97)
	at org.testng.Assert.failNotEquals(Assert.java:969)
	at org.testng.Assert.assertEquals(Assert.java:640)
	at com.epam.automation.testsTestNG.SinCalcTest.testSinesFunctionWithTestNG(SinCalcTest.java:14)
	at sun.reflect.NativeMethodAccessorImpl.invoke0(Native Method)
	at sun.reflect.NativeMethodAccessorImpl.invoke(NativeMethodAccessorImpl.java:62)
	at sun.reflect.DelegatingMethodAccessorImpl.invoke(DelegatingMethodAccessorImpl.java:43)
	at java.lang.reflect.Method.invoke(Method.java:498)
	at org.testng.internal.MethodInvocationHelper.invokeMethod(MethodInvocationHelper.java:134)
	at org.testng.internal.TestInvoker.invokeMethod(TestInvoker.java:597)
	at org.testng.internal.TestInvoker.invokeTestMethod(TestInvoker.java:173)
	at org.testng.internal.MethodRunner.runInSequence(MethodRunner.java:46)
	at org.testng.internal.TestInvoker$MethodInvocationAgent.invoke(TestInvoker.java:816)
	at org.testng.internal.TestInvoker.invokeTestMethods(TestInvoker.java:146)
	at org.testng.internal.TestMethodWorker.invokeTestMethods(TestMethodWorker.java:146)
	at org.testng.internal.TestMethodWorker.run(TestMethodWorker.java:128)
	at java.util.ArrayList.forEach(ArrayList.java:1257)
	at org.testng.TestRunner.privateRun(TestRunner.java:766)
	at org.testng.TestRunner.run(TestRunner.java:587)
	at org.testng.SuiteRunner.runTest(SuiteRunner.java:384)
	at org.testng.SuiteRunner.access$000(SuiteRunner.java:28)
	at org.testng.SuiteRunner$SuiteWorker.run(SuiteRunner.java:425)
	at org.testng.internal.thread.ThreadUtil.lambda$execute$0(ThreadUtil.java:68)
	at java.util.concurrent.FutureTask.run(FutureTask.java:266)
	at java.util.concurrent.ThreadPoolExecutor.runWorker(ThreadPoolExecutor.java:1149)
	at java.util.concurrent.ThreadPoolExecutor$Worker.run(ThreadPoolExecutor.java:624)
	at java.lang.Thread.run(Thread.java:748)
</pre></div></td>
<td>0</td>
<td>com.epam.automation.testsTestNG.SinCalcTest@3b81a1bc</td></tr>
<tr>
<td title='com.epam.automation.testsTestNG.TangensCalcTest.testTangensFunctionWithTestNG()'><b>testTangensFunctionWithTestNG</b><br>Test class: com.epam.automation.testsTestNG.TangensCalcTest<br>Test method: Testing Tg method<br>Parameters: 0, 0</td>
<td><div><pre>java.lang.AssertionError: Invalid result of Tg operation expected [0.0] but found [NaN]
	at com.epam.automation.testsTestNG.TangensCalcTest.testTangensFunctionWithTestNG(TangensCalcTest.java:14)
	at java.util.ArrayList.forEach(ArrayList.java:1257)
	at java.util.concurrent.FutureTask.run(FutureTask.java:266)
	at java.util.concurrent.ThreadPoolExecutor.runWorker(ThreadPoolExecutor.java:1149)
	at java.util.concurrent.ThreadPoolExecutor$Worker.run(ThreadPoolExecutor.java:624)
	at java.lang.Thread.run(Thread.java:748)
... Removed 21 stack frames</pre></div><a href='#' onClick='toggleBox("stack-trace655597441", this, "Click to show all stack frames", "Click to hide stack frames")'>Click to show all stack frames</a>
<div class='stack-trace' id='stack-trace655597441'><pre>java.lang.AssertionError: Invalid result of Tg operation expected [0.0] but found [NaN]
	at org.testng.Assert.fail(Assert.java:97)
	at org.testng.Assert.failNotEquals(Assert.java:969)
	at org.testng.Assert.assertEquals(Assert.java:640)
	at com.epam.automation.testsTestNG.TangensCalcTest.testTangensFunctionWithTestNG(TangensCalcTest.java:14)
	at sun.reflect.NativeMethodAccessorImpl.invoke0(Native Method)
	at sun.reflect.NativeMethodAccessorImpl.invoke(NativeMethodAccessorImpl.java:62)
	at sun.reflect.DelegatingMethodAccessorImpl.invoke(DelegatingMethodAccessorImpl.java:43)
	at java.lang.reflect.Method.invoke(Method.java:498)
	at org.testng.internal.MethodInvocationHelper.invokeMethod(MethodInvocationHelper.java:134)
	at org.testng.internal.TestInvoker.invokeMethod(TestInvoker.java:597)
	at org.testng.internal.TestInvoker.invokeTestMethod(TestInvoker.java:173)
	at org.testng.internal.MethodRunner.runInSequence(MethodRunner.java:46)
	at org.testng.internal.TestInvoker$MethodInvocationAgent.invoke(TestInvoker.java:816)
	at org.testng.internal.TestInvoker.invokeTestMethods(TestInvoker.java:146)
	at org.testng.internal.TestMethodWorker.invokeTestMethods(TestMethodWorker.java:146)
	at org.testng.internal.TestMethodWorker.run(TestMethodWorker.java:128)
	at java.util.ArrayList.forEach(ArrayList.java:1257)
	at org.testng.TestRunner.privateRun(TestRunner.java:766)
	at org.testng.TestRunner.run(TestRunner.java:587)
	at org.testng.SuiteRunner.runTest(SuiteRunner.java:384)
	at org.testng.SuiteRunner.access$000(SuiteRunner.java:28)
	at org.testng.SuiteRunner$SuiteWorker.run(SuiteRunner.java:425)
	at org.testng.internal.thread.ThreadUtil.lambda$execute$0(ThreadUtil.java:68)
	at java.util.concurrent.FutureTask.run(FutureTask.java:266)
	at java.util.concurrent.ThreadPoolExecutor.runWorker(ThreadPoolExecutor.java:1149)
	at java.util.concurrent.ThreadPoolExecutor$Worker.run(ThreadPoolExecutor.java:624)
	at java.lang.Thread.run(Thread.java:748)
</pre></div></td>
<td>0</td>
<td>com.epam.automation.testsTestNG.TangensCalcTest@4e04a765</td></tr>
<tr>
<td title='com.epam.automation.testsTestNG.TangensCalcTest.testTangensFunctionWithTestNG()'><b>testTangensFunctionWithTestNG</b><br>Test class: com.epam.automation.testsTestNG.TangensCalcTest<br>Test method: Testing Tg method<br>Parameters: 60, 1.7320508075688772</td>
<td><div><pre>java.lang.AssertionError: Invalid result of Tg operation expected [1.7320508075688772] but found [1.0]
	at com.epam.automation.testsTestNG.TangensCalcTest.testTangensFunctionWithTestNG(TangensCalcTest.java:14)
	at java.util.ArrayList.forEach(ArrayList.java:1257)
	at java.util.concurrent.FutureTask.run(FutureTask.java:266)
	at java.util.concurrent.ThreadPoolExecutor.runWorker(ThreadPoolExecutor.java:1149)
	at java.util.concurrent.ThreadPoolExecutor$Worker.run(ThreadPoolExecutor.java:624)
	at java.lang.Thread.run(Thread.java:748)
... Removed 21 stack frames</pre></div><a href='#' onClick='toggleBox("stack-trace2077975965", this, "Click to show all stack frames", "Click to hide stack frames")'>Click to show all stack frames</a>
<div class='stack-trace' id='stack-trace2077975965'><pre>java.lang.AssertionError: Invalid result of Tg operation expected [1.7320508075688772] but found [1.0]
	at org.testng.Assert.fail(Assert.java:97)
	at org.testng.Assert.failNotEquals(Assert.java:969)
	at org.testng.Assert.assertEquals(Assert.java:640)
	at com.epam.automation.testsTestNG.TangensCalcTest.testTangensFunctionWithTestNG(TangensCalcTest.java:14)
	at sun.reflect.NativeMethodAccessorImpl.invoke0(Native Method)
	at sun.reflect.NativeMethodAccessorImpl.invoke(NativeMethodAccessorImpl.java:62)
	at sun.reflect.DelegatingMethodAccessorImpl.invoke(DelegatingMethodAccessorImpl.java:43)
	at java.lang.reflect.Method.invoke(Method.java:498)
	at org.testng.internal.MethodInvocationHelper.invokeMethod(MethodInvocationHelper.java:134)
	at org.testng.internal.TestInvoker.invokeMethod(TestInvoker.java:597)
	at org.testng.internal.TestInvoker.invokeTestMethod(TestInvoker.java:173)
	at org.testng.internal.MethodRunner.runInSequence(MethodRunner.java:46)
	at org.testng.internal.TestInvoker$MethodInvocationAgent.invoke(TestInvoker.java:816)
	at org.testng.internal.TestInvoker.invokeTestMethods(TestInvoker.java:146)
	at org.testng.internal.TestMethodWorker.invokeTestMethods(TestMethodWorker.java:146)
	at org.testng.internal.TestMethodWorker.run(TestMethodWorker.java:128)
	at java.util.ArrayList.forEach(ArrayList.java:1257)
	at org.testng.TestRunner.privateRun(TestRunner.java:766)
	at org.testng.TestRunner.run(TestRunner.java:587)
	at org.testng.SuiteRunner.runTest(SuiteRunner.java:384)
	at org.testng.SuiteRunner.access$000(SuiteRunner.java:28)
	at org.testng.SuiteRunner$SuiteWorker.run(SuiteRunner.java:425)
	at org.testng.internal.thread.ThreadUtil.lambda$execute$0(ThreadUtil.java:68)
	at java.util.concurrent.FutureTask.run(FutureTask.java:266)
	at java.util.concurrent.ThreadPoolExecutor.runWorker(ThreadPoolExecutor.java:1149)
	at java.util.concurrent.ThreadPoolExecutor$Worker.run(ThreadPoolExecutor.java:624)
	at java.lang.Thread.run(Thread.java:748)
</pre></div></td>
<td>0</td>
<td>com.epam.automation.testsTestNG.TangensCalcTest@4e04a765</td></tr>
<tr>
<td title='com.epam.automation.testsTestNG.TangensCalcTest.testTangensFunctionWithTestNG()'><b>testTangensFunctionWithTestNG</b><br>Test class: com.epam.automation.testsTestNG.TangensCalcTest<br>Test method: Testing Tg method<br>Parameters: 180, 0</td>
<td><div><pre>java.lang.AssertionError: Invalid result of Tg operation expected [0.0] but found [1.0]
	at com.epam.automation.testsTestNG.TangensCalcTest.testTangensFunctionWithTestNG(TangensCalcTest.java:14)
	at java.util.ArrayList.forEach(ArrayList.java:1257)
	at java.util.concurrent.FutureTask.run(FutureTask.java:266)
	at java.util.concurrent.ThreadPoolExecutor.runWorker(ThreadPoolExecutor.java:1149)
	at java.util.concurrent.ThreadPoolExecutor$Worker.run(ThreadPoolExecutor.java:624)
	at java.lang.Thread.run(Thread.java:748)
... Removed 21 stack frames</pre></div><a href='#' onClick='toggleBox("stack-trace1629226059", this, "Click to show all stack frames", "Click to hide stack frames")'>Click to show all stack frames</a>
<div class='stack-trace' id='stack-trace1629226059'><pre>java.lang.AssertionError: Invalid result of Tg operation expected [0.0] but found [1.0]
	at org.testng.Assert.fail(Assert.java:97)
	at org.testng.Assert.failNotEquals(Assert.java:969)
	at org.testng.Assert.assertEquals(Assert.java:640)
	at com.epam.automation.testsTestNG.TangensCalcTest.testTangensFunctionWithTestNG(TangensCalcTest.java:14)
	at sun.reflect.NativeMethodAccessorImpl.invoke0(Native Method)
	at sun.reflect.NativeMethodAccessorImpl.invoke(NativeMethodAccessorImpl.java:62)
	at sun.reflect.DelegatingMethodAccessorImpl.invoke(DelegatingMethodAccessorImpl.java:43)
	at java.lang.reflect.Method.invoke(Method.java:498)
	at org.testng.internal.MethodInvocationHelper.invokeMethod(MethodInvocationHelper.java:134)
	at org.testng.internal.TestInvoker.invokeMethod(TestInvoker.java:597)
	at org.testng.internal.TestInvoker.invokeTestMethod(TestInvoker.java:173)
	at org.testng.internal.MethodRunner.runInSequence(MethodRunner.java:46)
	at org.testng.internal.TestInvoker$MethodInvocationAgent.invoke(TestInvoker.java:816)
	at org.testng.internal.TestInvoker.invokeTestMethods(TestInvoker.java:146)
	at org.testng.internal.TestMethodWorker.invokeTestMethods(TestMethodWorker.java:146)
	at org.testng.internal.TestMethodWorker.run(TestMethodWorker.java:128)
	at java.util.ArrayList.forEach(ArrayList.java:1257)
	at org.testng.TestRunner.privateRun(TestRunner.java:766)
	at org.testng.TestRunner.run(TestRunner.java:587)
	at org.testng.SuiteRunner.runTest(SuiteRunner.java:384)
	at org.testng.SuiteRunner.access$000(SuiteRunner.java:28)
	at org.testng.SuiteRunner$SuiteWorker.run(SuiteRunner.java:425)
	at org.testng.internal.thread.ThreadUtil.lambda$execute$0(ThreadUtil.java:68)
	at java.util.concurrent.FutureTask.run(FutureTask.java:266)
	at java.util.concurrent.ThreadPoolExecutor.runWorker(ThreadPoolExecutor.java:1149)
	at java.util.concurrent.ThreadPoolExecutor$Worker.run(ThreadPoolExecutor.java:624)
	at java.lang.Thread.run(Thread.java:748)
</pre></div></td>
<td>0</td>
<td>com.epam.automation.testsTestNG.TangensCalcTest@4e04a765</td></tr>
</table><p>
<table width='100%' border='1' class='invocation-passed'>
<tr><td colspan='4' align='center'><b>PASSED TESTS</b></td></tr>
<tr><td><b>Test method</b></td>
<td width="30%"><b>Exception</b></td>
<td width="10%"><b>Time (seconds)</b></td>
<td><b>Instance</b></td>
</tr>
<tr>
<td title='com.epam.automation.testsTestNG.DivCalcTest.testDivOperationWithDoubleValuesTestNG()'><b>testDivOperationWithDoubleValuesTestNG</b><br>Test class: com.epam.automation.testsTestNG.DivCalcTest<br>Parameters: 0, 1.0, 0</td>
<td></td>
<td>0</td>
<td>com.epam.automation.testsTestNG.DivCalcTest@26ba2a48</td></tr>
<tr>
<td title='com.epam.automation.testsTestNG.DivCalcTest.testDivOperationWithDoubleValuesTestNG()'><b>testDivOperationWithDoubleValuesTestNG</b><br>Test class: com.epam.automation.testsTestNG.DivCalcTest<br>Parameters: 90.0, -10.0, -9.0</td>
<td></td>
<td>0</td>
<td>com.epam.automation.testsTestNG.DivCalcTest@26ba2a48</td></tr>
<tr>
<td title='com.epam.automation.testsTestNG.DivCalcTest.testDivOperationWithDoubleValuesTestNG()'><b>testDivOperationWithDoubleValuesTestNG</b><br>Test class: com.epam.automation.testsTestNG.DivCalcTest<br>Parameters: 135.0, -1.0, -135.0</td>
<td></td>
<td>0</td>
<td>com.epam.automation.testsTestNG.DivCalcTest@26ba2a48</td></tr>
<tr>
<td title='com.epam.automation.testsTestNG.DivCalcTest.testDivOperationWithDoubleValuesTestNG()'><b>testDivOperationWithDoubleValuesTestNG</b><br>Test class: com.epam.automation.testsTestNG.DivCalcTest<br>Parameters: -10, -10, 1</td>
<td></td>
<td>0</td>
<td>com.epam.automation.testsTestNG.DivCalcTest@26ba2a48</td></tr>
<tr>
<td title='com.epam.automation.testsTestNG.DivCalcTest.testDivOperationWithLongValuesTestNG()'><b>testDivOperationWithLongValuesTestNG</b><br>Test class: com.epam.automation.testsTestNG.DivCalcTest<br>Parameters: 10000, -10000, -1</td>
<td></td>
<td>0</td>
<td>com.epam.automation.testsTestNG.DivCalcTest@26ba2a48</td></tr>
<tr>
<td title='com.epam.automation.testsTestNG.DivCalcTest.testDivOperationWithLongValuesTestNG()'><b>testDivOperationWithLongValuesTestNG</b><br>Test class: com.epam.automation.testsTestNG.DivCalcTest<br>Parameters: -45454545, 1, -45454545</td>
<td></td>
<td>0</td>
<td>com.epam.automation.testsTestNG.DivCalcTest@26ba2a48</td></tr>
<tr>
<td title='com.epam.automation.testsTestNG.DivCalcTest.testDivOperationWithLongValuesTestNG()'><b>testDivOperationWithLongValuesTestNG</b><br>Test class: com.epam.automation.testsTestNG.DivCalcTest<br>Parameters: 0, 1200000, 0</td>
<td></td>
<td>0</td>
<td>com.epam.automation.testsTestNG.DivCalcTest@26ba2a48</td></tr>
<tr>
<td title='com.epam.automation.testsTestNG.DivCalcTest.testDivOperationWithLongValuesTestNG()'><b>testDivOperationWithLongValuesTestNG</b><br>Test class: com.epam.automation.testsTestNG.DivCalcTest<br>Parameters: 1200000000, 12000, 100000</td>
<td></td>
<td>0</td>
<td>com.epam.automation.testsTestNG.DivCalcTest@26ba2a48</td></tr>
<tr>
<td title='com.epam.automation.testsTestNG.IsPositiveTest.testIsNegativeValueWithPositiveParamTestNG()'><b>testIsNegativeValueWithPositiveParamTestNG</b><br>Test class: com.epam.automation.testsTestNG.IsPositiveTest<br>Parameters: 45, true</td>
<td></td>
<td>0</td>
<td>com.epam.automation.testsTestNG.IsPositiveTest@73f792cf</td></tr>
<tr>
<td title='com.epam.automation.testsTestNG.IsPositiveTest.testIsNegativeValueWithPositiveParamTestNG()'><b>testIsNegativeValueWithPositiveParamTestNG</b><br>Test class: com.epam.automation.testsTestNG.IsPositiveTest<br>Parameters: 0, false</td>
<td></td>
<td>0</td>
<td>com.epam.automation.testsTestNG.IsPositiveTest@73f792cf</td></tr>
<tr>
<td title='com.epam.automation.testsTestNG.IsNegativeTest.testIsNegativeValueWithPositiveParamTestNG()'><b>testIsNegativeValueWithPositiveParamTestNG</b><br>Test class: com.epam.automation.testsTestNG.IsNegativeTest<br>Parameters: 1, false</td>
<td></td>
<td>0</td>
<td>com.epam.automation.testsTestNG.IsNegativeTest@5f2050f6</td></tr>
<tr>
<td title='com.epam.automation.testsTestNG.IsNegativeTest.testIsNegativeValueWithPositiveParamTestNG()'><b>testIsNegativeValueWithPositiveParamTestNG</b><br>Test class: com.epam.automation.testsTestNG.IsNegativeTest<br>Parameters: 0, false</td>
<td></td>
<td>0</td>
<td>com.epam.automation.testsTestNG.IsNegativeTest@5f2050f6</td></tr>
<tr>
<td title='com.epam.automation.testsTestNG.MulCalcTest.testMulOperationWithDoubleValuesTestNG()'><b>testMulOperationWithDoubleValuesTestNG</b><br>Test class: com.epam.automation.testsTestNG.MulCalcTest<br>Parameters: 1.0, 1.0, 1.0</td>
<td></td>
<td>0</td>
<td>com.epam.automation.testsTestNG.MulCalcTest@2ed94a8b</td></tr>
<tr>
<td title='com.epam.automation.testsTestNG.MulCalcTest.testMulOperationWithDoubleValuesTestNG()'><b>testMulOperationWithDoubleValuesTestNG</b><br>Test class: com.epam.automation.testsTestNG.MulCalcTest<br>Parameters: 135.0, 0, 0</td>
<td></td>
<td>0</td>
<td>com.epam.automation.testsTestNG.MulCalcTest@2ed94a8b</td></tr>
<tr>
<td title='com.epam.automation.testsTestNG.MulCalcTest.testMulOperationWithDoubleValuesTestNG()'><b>testMulOperationWithDoubleValuesTestNG</b><br>Test class: com.epam.automation.testsTestNG.MulCalcTest<br>Parameters: 0, -120.0, 0</td>
<td></td>
<td>0</td>
<td>com.epam.automation.testsTestNG.MulCalcTest@2ed94a8b</td></tr>
<tr>
<td title='com.epam.automation.testsTestNG.MulCalcTest.testMulOperationWithDoubleValuesTestNG()'><b>testMulOperationWithDoubleValuesTestNG</b><br>Test class: com.epam.automation.testsTestNG.MulCalcTest<br>Parameters: -10.0, -12.0, 120</td>
<td></td>
<td>0</td>
<td>com.epam.automation.testsTestNG.MulCalcTest@2ed94a8b</td></tr>
<tr>
<td title='com.epam.automation.testsTestNG.MulCalcTest.testMulOperationWithDoubleValuesTestNG()'><b>testMulOperationWithDoubleValuesTestNG</b><br>Test class: com.epam.automation.testsTestNG.MulCalcTest<br>Parameters: -10, 3, -30</td>
<td></td>
<td>0</td>
<td>com.epam.automation.testsTestNG.MulCalcTest@2ed94a8b</td></tr>
<tr>
<td title='com.epam.automation.testsTestNG.MulCalcTest.testMulOperationWithLongValuesTestNG()'><b>testMulOperationWithLongValuesTestNG</b><br>Test class: com.epam.automation.testsTestNG.MulCalcTest<br>Parameters: 10000, -10000, -100000000</td>
<td></td>
<td>0</td>
<td>com.epam.automation.testsTestNG.MulCalcTest@2ed94a8b</td></tr>
<tr>
<td title='com.epam.automation.testsTestNG.MulCalcTest.testMulOperationWithLongValuesTestNG()'><b>testMulOperationWithLongValuesTestNG</b><br>Test class: com.epam.automation.testsTestNG.MulCalcTest<br>Parameters: -45454545, 1, -45454545</td>
<td></td>
<td>0</td>
<td>com.epam.automation.testsTestNG.MulCalcTest@2ed94a8b</td></tr>
<tr>
<td title='com.epam.automation.testsTestNG.MulCalcTest.testMulOperationWithLongValuesTestNG()'><b>testMulOperationWithLongValuesTestNG</b><br>Test class: com.epam.automation.testsTestNG.MulCalcTest<br>Parameters: 0, 0, 0</td>
<td></td>
<td>0</td>
<td>com.epam.automation.testsTestNG.MulCalcTest@2ed94a8b</td></tr>
<tr>
<td title='com.epam.automation.testsTestNG.MulCalcTest.testMulOperationWithLongValuesTestNG()'><b>testMulOperationWithLongValuesTestNG</b><br>Test class: com.epam.automation.testsTestNG.MulCalcTest<br>Parameters: 0, 1200000, 0</td>
<td></td>
<td>0</td>
<td>com.epam.automation.testsTestNG.MulCalcTest@2ed94a8b</td></tr>
<tr>
<td title='com.epam.automation.testsTestNG.MulCalcTest.testMulOperationWithLongValuesTestNG()'><b>testMulOperationWithLongValuesTestNG</b><br>Test class: com.epam.automation.testsTestNG.MulCalcTest<br>Parameters: 121212, 12000, 1454544000</td>
<td></td>
<td>0</td>
<td>com.epam.automation.testsTestNG.MulCalcTest@2ed94a8b</td></tr>
<tr>
<td title='com.epam.automation.testsTestNG.PowCalcTest.testPowerFunctionWithTestNG()'><b>testPowerFunctionWithTestNG</b><br>Test class: com.epam.automation.testsTestNG.PowCalcTest<br>Test method: Testing Pow method<br>Parameters: -2, 2, 4</td>
<td></td>
<td>0</td>
<td>com.epam.automation.testsTestNG.PowCalcTest@38082d64</td></tr>
<tr>
<td title='com.epam.automation.testsTestNG.SinCalcTest.testSinesFunctionWithTestNG()'><b>testSinesFunctionWithTestNG</b><br>Test class: com.epam.automation.testsTestNG.SinCalcTest<br>Test method: Testing Sin method<br>Parameters: 0, 0</td>
<td></td>
<td>0</td>
<td>com.epam.automation.testsTestNG.SinCalcTest@3b81a1bc</td></tr>
<tr>
<td title='com.epam.automation.testsTestNG.SqrtCalcTest.testSquareRootFunctionWithTestNG()'><b>testSquareRootFunctionWithTestNG</b><br>Test class: com.epam.automation.testsTestNG.SqrtCalcTest<br>Test method: Testing Sqrt method<br>Parameters: 1, 1</td>
<td></td>
<td>0</td>
<td>com.epam.automation.testsTestNG.SqrtCalcTest@64616ca2</td></tr>
<tr>
<td title='com.epam.automation.testsTestNG.SqrtCalcTest.testSquareRootFunctionWithTestNG()'><b>testSquareRootFunctionWithTestNG</b><br>Test class: com.epam.automation.testsTestNG.SqrtCalcTest<br>Test method: Testing Sqrt method<br>Parameters: 100, 10</td>
<td></td>
<td>0</td>
<td>com.epam.automation.testsTestNG.SqrtCalcTest@64616ca2</td></tr>
<tr>
<td title='com.epam.automation.testsTestNG.SqrtCalcTest.testSquareRootFunctionWithTestNG()'><b>testSquareRootFunctionWithTestNG</b><br>Test class: com.epam.automation.testsTestNG.SqrtCalcTest<br>Test method: Testing Sqrt method<br>Parameters: -4, 2</td>
<td></td>
<td>0</td>
<td>com.epam.automation.testsTestNG.SqrtCalcTest@64616ca2</td></tr>
<tr>
<td title='com.epam.automation.testsTestNG.SqrtCalcTest.testSquareRootFunctionWithTestNG()'><b>testSquareRootFunctionWithTestNG</b><br>Test class: com.epam.automation.testsTestNG.SqrtCalcTest<br>Test method: Testing Sqrt method<br>Parameters: 0, 0</td>
<td></td>
<td>0</td>
<td>com.epam.automation.testsTestNG.SqrtCalcTest@64616ca2</td></tr>
<tr>
<td title='com.epam.automation.testsTestNG.SubCalcTest.testSubstractionWithDoubleValuesTestNG()'><b>testSubstractionWithDoubleValuesTestNG</b><br>Test class: com.epam.automation.testsTestNG.SubCalcTest<br>Parameters: -1.0, -1.0, 0</td>
<td></td>
<td>0</td>
<td>com.epam.automation.testsTestNG.SubCalcTest@dfd3711</td></tr>
<tr>
<td title='com.epam.automation.testsTestNG.SubCalcTest.testSubstractionWithDoubleValuesTestNG()'><b>testSubstractionWithDoubleValuesTestNG</b><br>Test class: com.epam.automation.testsTestNG.SubCalcTest<br>Parameters: -3.9, 1.5, -5.4</td>
<td></td>
<td>0</td>
<td>com.epam.automation.testsTestNG.SubCalcTest@dfd3711</td></tr>
<tr>
<td title='com.epam.automation.testsTestNG.SubCalcTest.testSubstractionWithDoubleValuesTestNG()'><b>testSubstractionWithDoubleValuesTestNG</b><br>Test class: com.epam.automation.testsTestNG.SubCalcTest<br>Parameters: 90.0, -45.0, 135.0</td>
<td></td>
<td>0</td>
<td>com.epam.automation.testsTestNG.SubCalcTest@dfd3711</td></tr>
<tr>
<td title='com.epam.automation.testsTestNG.SubCalcTest.testSubstractionWithDoubleValuesTestNG()'><b>testSubstractionWithDoubleValuesTestNG</b><br>Test class: com.epam.automation.testsTestNG.SubCalcTest<br>Parameters: 135.0, 0.0, 135.0</td>
<td></td>
<td>0</td>
<td>com.epam.automation.testsTestNG.SubCalcTest@dfd3711</td></tr>
<tr>
<td title='com.epam.automation.testsTestNG.SubCalcTest.testSubstractionWithDoubleValuesTestNG()'><b>testSubstractionWithDoubleValuesTestNG</b><br>Test class: com.epam.automation.testsTestNG.SubCalcTest<br>Parameters: 0.0, 120.0, -120.0</td>
<td></td>
<td>0</td>
<td>com.epam.automation.testsTestNG.SubCalcTest@dfd3711</td></tr>
<tr>
<td title='com.epam.automation.testsTestNG.SubCalcTest.testSubstractionWithLongValuesTestNG()'><b>testSubstractionWithLongValuesTestNG</b><br>Test class: com.epam.automation.testsTestNG.SubCalcTest<br>Parameters: -1000000000, -1, -999999999</td>
<td></td>
<td>0</td>
<td>com.epam.automation.testsTestNG.SubCalcTest@dfd3711</td></tr>
<tr>
<td title='com.epam.automation.testsTestNG.SubCalcTest.testSubstractionWithLongValuesTestNG()'><b>testSubstractionWithLongValuesTestNG</b><br>Test class: com.epam.automation.testsTestNG.SubCalcTest<br>Parameters: 999999999, -1, 1000000000</td>
<td></td>
<td>0</td>
<td>com.epam.automation.testsTestNG.SubCalcTest@dfd3711</td></tr>
<tr>
<td title='com.epam.automation.testsTestNG.SubCalcTest.testSubstractionWithLongValuesTestNG()'><b>testSubstractionWithLongValuesTestNG</b><br>Test class: com.epam.automation.testsTestNG.SubCalcTest<br>Parameters: -1111111111, -888888888, -222222223</td>
<td></td>
<td>0</td>
<td>com.epam.automation.testsTestNG.SubCalcTest@dfd3711</td></tr>
<tr>
<td title='com.epam.automation.testsTestNG.SubCalcTest.testSubstractionWithLongValuesTestNG()'><b>testSubstractionWithLongValuesTestNG</b><br>Test class: com.epam.automation.testsTestNG.SubCalcTest<br>Parameters: 1350000000, 0, 1350000000</td>
<td></td>
<td>0</td>
<td>com.epam.automation.testsTestNG.SubCalcTest@dfd3711</td></tr>
<tr>
<td title='com.epam.automation.testsTestNG.SubCalcTest.testSubstractionWithLongValuesTestNG()'><b>testSubstractionWithLongValuesTestNG</b><br>Test class: com.epam.automation.testsTestNG.SubCalcTest<br>Parameters: 0, 1200000000, -1200000000</td>
<td></td>
<td>0</td>
<td>com.epam.automation.testsTestNG.SubCalcTest@dfd3711</td></tr>
<tr>
<td title='com.epam.automation.testsTestNG.SumCalcTest.testSummationWithDoubleValuesTestNG()'><b>testSummationWithDoubleValuesTestNG</b><br>Test class: com.epam.automation.testsTestNG.SumCalcTest<br>Parameters: -1.0, -2.0, -3.0</td>
<td></td>
<td>0</td>
<td>com.epam.automation.testsTestNG.SumCalcTest@13fee20c</td></tr>
<tr>
<td title='com.epam.automation.testsTestNG.SumCalcTest.testSummationWithDoubleValuesTestNG()'><b>testSummationWithDoubleValuesTestNG</b><br>Test class: com.epam.automation.testsTestNG.SumCalcTest<br>Parameters: 3.0, -5.0, -2.0</td>
<td></td>
<td>0</td>
<td>com.epam.automation.testsTestNG.SumCalcTest@13fee20c</td></tr>
<tr>
<td title='com.epam.automation.testsTestNG.SumCalcTest.testSummationWithDoubleValuesTestNG()'><b>testSummationWithDoubleValuesTestNG</b><br>Test class: com.epam.automation.testsTestNG.SumCalcTest<br>Parameters: 0.0, 1.0, 1.0</td>
<td></td>
<td>0</td>
<td>com.epam.automation.testsTestNG.SumCalcTest@13fee20c</td></tr>
<tr>
<td title='com.epam.automation.testsTestNG.SumCalcTest.testSummationWithDoubleValuesTestNG()'><b>testSummationWithDoubleValuesTestNG</b><br>Test class: com.epam.automation.testsTestNG.SumCalcTest<br>Parameters: -310.0, 10.0, -300.0</td>
<td></td>
<td>0</td>
<td>com.epam.automation.testsTestNG.SumCalcTest@13fee20c</td></tr>
<tr>
<td title='com.epam.automation.testsTestNG.SumCalcTest.testSummationWithDoubleValuesTestNG()'><b>testSummationWithDoubleValuesTestNG</b><br>Test class: com.epam.automation.testsTestNG.SumCalcTest<br>Parameters: 0.0, 0.0, 0.0</td>
<td></td>
<td>0</td>
<td>com.epam.automation.testsTestNG.SumCalcTest@13fee20c</td></tr>
<tr>
<td title='com.epam.automation.testsTestNG.SumCalcTest.testSummationWithLongValuesTestNG()'><b>testSummationWithLongValuesTestNG</b><br>Test class: com.epam.automation.testsTestNG.SumCalcTest<br>Parameters: -1000000000, -222222222, -1222222222</td>
<td></td>
<td>0</td>
<td>com.epam.automation.testsTestNG.SumCalcTest@13fee20c</td></tr>
<tr>
<td title='com.epam.automation.testsTestNG.SumCalcTest.testSummationWithLongValuesTestNG()'><b>testSummationWithLongValuesTestNG</b><br>Test class: com.epam.automation.testsTestNG.SumCalcTest<br>Parameters: 399999999, -5000000, 394999999</td>
<td></td>
<td>0</td>
<td>com.epam.automation.testsTestNG.SumCalcTest@13fee20c</td></tr>
<tr>
<td title='com.epam.automation.testsTestNG.SumCalcTest.testSummationWithLongValuesTestNG()'><b>testSummationWithLongValuesTestNG</b><br>Test class: com.epam.automation.testsTestNG.SumCalcTest<br>Parameters: 0, 1999999999, 1999999999</td>
<td></td>
<td>0</td>
<td>com.epam.automation.testsTestNG.SumCalcTest@13fee20c</td></tr>
<tr>
<td title='com.epam.automation.testsTestNG.SumCalcTest.testSummationWithLongValuesTestNG()'><b>testSummationWithLongValuesTestNG</b><br>Test class: com.epam.automation.testsTestNG.SumCalcTest<br>Parameters: -310000000, 1000000000, 690000000</td>
<td></td>
<td>0</td>
<td>com.epam.automation.testsTestNG.SumCalcTest@13fee20c</td></tr>
<tr>
<td title='com.epam.automation.testsTestNG.SumCalcTest.testSummationWithLongValuesTestNG()'><b>testSummationWithLongValuesTestNG</b><br>Test class: com.epam.automation.testsTestNG.SumCalcTest<br>Parameters: 0, 0, 0</td>
<td></td>
<td>0</td>
<td>com.epam.automation.testsTestNG.SumCalcTest@13fee20c</td></tr>
<tr>
<td title='com.epam.automation.testsTestNG.TangensCalcTest.testTangensFunctionWithTestNG()'><b>testTangensFunctionWithTestNG</b><br>Test class: com.epam.automation.testsTestNG.TangensCalcTest<br>Test method: Testing Tg method<br>Parameters: 45, 1</td>
<td></td>
<td>0</td>
<td>com.epam.automation.testsTestNG.TangensCalcTest@4e04a765</td></tr>
</table><p>
</body>
</html>