<!DOCTYPE html PUBLIC "-//W3C//DTD XHTML 1.1//EN" "http://www.w3.org/TR/xhtml11/DTD/xhtml11.dtd">
<html xmlns="http://www.w3.org/1999/xhtml">
<head>
<meta http-equiv="content-type" content="text/html; charset=UTF-8"/>
<title>TestNG Report</title>
<style type="text/css">table {margin-bottom:10px;border-collapse:collapse;empty-cells:show}th,td {border:1px solid #009;padding:.25em .5em}th {vertical-align:bottom}td {vertical-align:top}table a {font-weight:bold}.stripe td {background-color: #E6EBF9}.num {text-align:right}.passedodd td {background-color: #3F3}.passedeven td {background-color: #0A0}.skippedodd td {background-color: #DDD}.skippedeven td {background-color: #CCC}.failedodd td,.attn {background-color: #F33}.failedeven td,.stripe .attn {background-color: #D00}.stacktrace {white-space:pre;font-family:monospace}.totop {font-size:85%;text-align:center;border-bottom:2px solid #000}.invisible {display:none}</style>
</head>
<body>
<table>
<tr><th>Test</th><th># Passed</th><th># Skipped</th><th># Retried</th><th># Failed</th><th>Time (ms)</th><th>Included Groups</th><th>Excluded Groups</th></tr>
<tr><th colspan="8">Calculator operations suite (0)</th></tr>
<tr><td><a href="#t0">Summation call test</a></td><td class="num">49</td><td class="num">0</td><td class="num">0</td><td class="num attn">18</td><td class="num">122</td><td></td><td></td></tr>
<tr><th colspan="8">Calculator operations suite</th></tr>
</table>
<table id='summary'><thead><tr><th>Class</th><th>Method</th><th>Start</th><th>Time (ms)</th></tr></thead><tbody><tr><th colspan="4">Calculator operations suite (0)</th></tr></tbody><tbody id="t0"><tr><th colspan="4">Summation call test &#8212; failed</th></tr><tr class="failedeven"><td rowspan="3">com.epam.automation.testsTestNG.CatangensCalcTest</td><td><a href="#m0">testCotangensFunctionWithTestNG</a></td><td rowspan="3">1584026177790</td><td rowspan="3">3</td></tr><tr class="failedeven"><td><a href="#m1">testCotangensFunctionWithTestNG</a></td></tr><tr class="failedeven"><td><a href="#m2">testCotangensFunctionWithTestNG</a></td></tr><tr class="failedodd"><td rowspan="3">com.epam.automation.testsTestNG.CosinesCalcTest</td><td><a href="#m3">testCosinesFunctionWithTestNG</a></td><td rowspan="3">1584026177827</td><td rowspan="3">0</td></tr><tr class="failedodd"><td><a href="#m4">testCosinesFunctionWithTestNG</a></td></tr><tr class="failedodd"><td><a href="#m5">testCosinesFunctionWithTestNG</a></td></tr><tr class="failedeven"><td rowspan="2">com.epam.automation.testsTestNG.DivCalcTest</td><td><a href="#m6">testDivOperationWithDoubleValuesTestNG</a></td><td rowspan="1">1584026177828</td><td rowspan="1">0</td></tr><tr class="failedeven"><td><a href="#m7">testDivOperationWithLongValuesTestNG</a></td><td rowspan="1">1584026177830</td><td rowspan="1">0</td></tr><tr class="failedodd"><td rowspan="1">com.epam.automation.testsTestNG.IsNegativeTest</td><td><a href="#m8">testIsNegativeValueWithPositiveParamTestNG</a></td><td rowspan="1">1584026177833</td><td rowspan="1">0</td></tr><tr class="failedeven"><td rowspan="1">com.epam.automation.testsTestNG.IsPositiveTest</td><td><a href="#m9">testIsNegativeValueWithPositiveParamTestNG</a></td><td rowspan="1">1584026177798</td><td rowspan="1">1</td></tr><tr class="failedodd"><td rowspan="3">com.epam.automation.testsTestNG.PowCalcTest</td><td><a href="#m10">testPowerFunctionWithTestNG</a></td><td rowspan="3">1584026177807</td><td rowspan="3">0</td></tr><tr class="failedodd"><td><a href="#m11">testPowerFunctionWithTestNG</a></td></tr><tr class="failedodd"><td><a href="#m12">testPowerFunctionWithTestNG</a></td></tr><tr class="failedeven"><td rowspan="2">com.epam.automation.testsTestNG.SinCalcTest</td><td><a href="#m13">testSinesFunctionWithTestNG</a></td><td rowspan="2">1584026177834</td><td rowspan="2">1</td></tr><tr class="failedeven"><td><a href="#m14">testSinesFunctionWithTestNG</a></td></tr><tr class="failedodd"><td rowspan="3">com.epam.automation.testsTestNG.TangensCalcTest</td><td><a href="#m15">testTangensFunctionWithTestNG</a></td><td rowspan="3">1584026177845</td><td rowspan="3">0</td></tr><tr class="failedodd"><td><a href="#m16">testTangensFunctionWithTestNG</a></td></tr><tr class="failedodd"><td><a href="#m17">testTangensFunctionWithTestNG</a></td></tr><tr><th colspan="4">Summation call test &#8212; passed</th></tr><tr class="passedeven"><td rowspan="8">com.epam.automation.testsTestNG.DivCalcTest</td><td><a href="#m18">testDivOperationWithDoubleValuesTestNG</a></td><td rowspan="4">1584026177828</td><td rowspan="4">1</td></tr><tr class="passedeven"><td><a href="#m19">testDivOperationWithDoubleValuesTestNG</a></td></tr><tr class="passedeven"><td><a href="#m20">testDivOperationWithDoubleValuesTestNG</a></td></tr><tr class="passedeven"><td><a href="#m21">testDivOperationWithDoubleValuesTestNG</a></td></tr><tr class="passedeven"><td><a href="#m22">testDivOperationWithLongValuesTestNG</a></td><td rowspan="4">1584026177831</td><td rowspan="4">0</td></tr><tr class="passedeven"><td><a href="#m23">testDivOperationWithLongValuesTestNG</a></td></tr><tr class="passedeven"><td><a href="#m24">testDivOperationWithLongValuesTestNG</a></td></tr><tr class="passedeven"><td><a href="#m25">testDivOperationWithLongValuesTestNG</a></td></tr><tr class="passedodd"><td rowspan="2">com.epam.automation.testsTestNG.IsNegativeTest</td><td><a href="#m26">testIsNegativeValueWithPositiveParamTestNG</a></td><td rowspan="2">1584026177832</td><td rowspan="2">0</td></tr><tr class="passedodd"><td><a href="#m27">testIsNegativeValueWithPositiveParamTestNG</a></td></tr><tr class="passedeven"><td rowspan="2">com.epam.automation.testsTestNG.IsPositiveTest</td><td><a href="#m28">testIsNegativeValueWithPositiveParamTestNG</a></td><td rowspan="2">1584026177799</td><td rowspan="2">0</td></tr><tr class="passedeven"><td><a href="#m29">testIsNegativeValueWithPositiveParamTestNG</a></td></tr><tr class="passedodd"><td rowspan="10">com.epam.automation.testsTestNG.MulCalcTest</td><td><a href="#m30">testMulOperationWithDoubleValuesTestNG</a></td><td rowspan="5">1584026177800</td><td rowspan="5">0</td></tr><tr class="passedodd"><td><a href="#m31">testMulOperationWithDoubleValuesTestNG</a></td></tr><tr class="passedodd"><td><a href="#m32">testMulOperationWithDoubleValuesTestNG</a></td></tr><tr class="passedodd"><td><a href="#m33">testMulOperationWithDoubleValuesTestNG</a></td></tr><tr class="passedodd"><td><a href="#m34">testMulOperationWithDoubleValuesTestNG</a></td></tr><tr class="passedodd"><td><a href="#m35">testMulOperationWithLongValuesTestNG</a></td><td rowspan="5">1584026177806</td><td rowspan="5">0</td></tr><tr class="passedodd"><td><a href="#m36">testMulOperationWithLongValuesTestNG</a></td></tr><tr class="passedodd"><td><a href="#m37">testMulOperationWithLongValuesTestNG</a></td></tr><tr class="passedodd"><td><a href="#m38">testMulOperationWithLongValuesTestNG</a></td></tr><tr class="passedodd"><td><a href="#m39">testMulOperationWithLongValuesTestNG</a></td></tr><tr class="passedeven"><td rowspan="1">com.epam.automation.testsTestNG.PowCalcTest</td><td><a href="#m40">testPowerFunctionWithTestNG</a></td><td rowspan="1">1584026177807</td><td rowspan="1">0</td></tr><tr class="passedodd"><td rowspan="1">com.epam.automation.testsTestNG.SinCalcTest</td><td><a href="#m41">testSinesFunctionWithTestNG</a></td><td rowspan="1">1584026177834</td><td rowspan="1">0</td></tr><tr class="passedeven"><td rowspan="4">com.epam.automation.testsTestNG.SqrtCalcTest</td><td><a href="#m42">testSquareRootFunctionWithTestNG</a></td><td rowspan="4">1584026177836</td><td rowspan="4">0</td></tr><tr class="passedeven"><td><a href="#m43">testSquareRootFunctionWithTestNG</a></td></tr><tr class="passedeven"><td><a href="#m44">testSquareRootFunctionWithTestNG</a></td></tr><tr class="passedeven"><td><a href="#m45">testSquareRootFunctionWithTestNG</a></td></tr><tr class="passedodd"><td rowspan="10">com.epam.automation.testsTestNG.SubCalcTest</td><td><a href="#m46">testSubstractionWithDoubleValuesTestNG</a></td><td rowspan="5">1584026177812</td><td rowspan="5">0</td></tr><tr class="passedodd"><td><a href="#m47">testSubstractionWithDoubleValuesTestNG</a></td></tr><tr class="passedodd"><td><a href="#m48">testSubstractionWithDoubleValuesTestNG</a></td></tr><tr class="passedodd"><td><a href="#m49">testSubstractionWithDoubleValuesTestNG</a></td></tr><tr class="passedodd"><td><a href="#m50">testSubstractionWithDoubleValuesTestNG</a></td></tr><tr class="passedodd"><td><a href="#m51">testSubstractionWithLongValuesTestNG</a></td><td rowspan="5">1584026177814</td><td rowspan="5">0</td></tr><tr class="passedodd"><td><a href="#m52">testSubstractionWithLongValuesTestNG</a></td></tr><tr class="passedodd"><td><a href="#m53">testSubstractionWithLongValuesTestNG</a></td></tr><tr class="passedodd"><td><a href="#m54">testSubstractionWithLongValuesTestNG</a></td></tr><tr class="passedodd"><td><a href="#m55">testSubstractionWithLongValuesTestNG</a></td></tr><tr class="passedeven"><td rowspan="10">com.epam.automation.testsTestNG.SumCalcTest</td><td><a href="#m56">testSummationWithDoubleValuesTestNG</a></td><td rowspan="5">1584026177839</td><td rowspan="5">1</td></tr><tr class="passedeven"><td><a href="#m57">testSummationWithDoubleValuesTestNG</a></td></tr><tr class="passedeven"><td><a href="#m58">testSummationWithDoubleValuesTestNG</a></td></tr><tr class="passedeven"><td><a href="#m59">testSummationWithDoubleValuesTestNG</a></td></tr><tr class="passedeven"><td><a href="#m60">testSummationWithDoubleValuesTestNG</a></td></tr><tr class="passedeven"><td><a href="#m61">testSummationWithLongValuesTestNG</a></td><td rowspan="5">1584026177842</td><td rowspan="5">0</td></tr><tr class="passedeven"><td><a href="#m62">testSummationWithLongValuesTestNG</a></td></tr><tr class="passedeven"><td><a href="#m63">testSummationWithLongValuesTestNG</a></td></tr><tr class="passedeven"><td><a href="#m64">testSummationWithLongValuesTestNG</a></td></tr><tr class="passedeven"><td><a href="#m65">testSummationWithLongValuesTestNG</a></td></tr><tr class="passedodd"><td rowspan="1">com.epam.automation.testsTestNG.TangensCalcTest</td><td><a href="#m66">testTangensFunctionWithTestNG</a></td><td rowspan="1">1584026177844</td><td rowspan="1">1</td></tr></tbody>
<tbody><tr><th colspan="4">Calculator operations suite</th></tr></tbody></table>
<h2>Summation call test</h2><h3 id="m0">com.epam.automation.testsTestNG.CatangensCalcTest#testCotangensFunctionWithTestNG</h3><table class="result"><tr class="param"><th>Parameter #1</th><th>Parameter #2</th></tr><tr class="param stripe"><td>30</td><td>1.7320508075688772</td></tr><tr><th colspan="2">Exception</th></tr><tr><td colspan="2"><div class="stacktrace">java.lang.AssertionError: Invalid result of Ctg operation expected [1.7320508075688772] but found [0.4804727781564516]
	at com.epam.automation.testsTestNG.CatangensCalcTest.testCotangensFunctionWithTestNG(CatangensCalcTest.java:14)
	at java.util.ArrayList.forEach(ArrayList.java:1257)
	at java.util.concurrent.FutureTask.run(FutureTask.java:266)
	at java.util.concurrent.ThreadPoolExecutor.runWorker(ThreadPoolExecutor.java:1149)
	at java.util.concurrent.ThreadPoolExecutor$Worker.run(ThreadPoolExecutor.java:624)
	at java.lang.Thread.run(Thread.java:748)
... Removed 21 stack frames</div></td></tr></table><p class="totop"><a href="#summary">back to summary</a></p>
<h3 id="m1">com.epam.automation.testsTestNG.CatangensCalcTest#testCotangensFunctionWithTestNG</h3><table class="result"><tr class="param"><th>Parameter #1</th><th>Parameter #2</th></tr><tr class="param stripe"><td>45</td><td>1</td></tr><tr><th colspan="2">Exception</th></tr><tr><td colspan="2"><div class="stacktrace">java.lang.AssertionError: Invalid result of Ctg operation expected [1.0] but found [0.6557942026326724]
	at com.epam.automation.testsTestNG.CatangensCalcTest.testCotangensFunctionWithTestNG(CatangensCalcTest.java:14)
	at java.util.ArrayList.forEach(ArrayList.java:1257)
	at java.util.concurrent.FutureTask.run(FutureTask.java:266)
	at java.util.concurrent.ThreadPoolExecutor.runWorker(ThreadPoolExecutor.java:1149)
	at java.util.concurrent.ThreadPoolExecutor$Worker.run(ThreadPoolExecutor.java:624)
	at java.lang.Thread.run(Thread.java:748)
... Removed 21 stack frames</div></td></tr></table><p class="totop"><a href="#summary">back to summary</a></p>
<h3 id="m2">com.epam.automation.testsTestNG.CatangensCalcTest#testCotangensFunctionWithTestNG</h3><table class="result"><tr class="param"><th>Parameter #1</th><th>Parameter #2</th></tr><tr class="param stripe"><td>270</td><td>0</td></tr><tr><th colspan="2">Exception</th></tr><tr><td colspan="2"><div class="stacktrace">java.lang.AssertionError: Invalid result of Ctg operation expected [0.0] but found [0.9998386139886326]
	at com.epam.automation.testsTestNG.CatangensCalcTest.testCotangensFunctionWithTestNG(CatangensCalcTest.java:14)
	at java.util.ArrayList.forEach(ArrayList.java:1257)
	at java.util.concurrent.FutureTask.run(FutureTask.java:266)
	at java.util.concurrent.ThreadPoolExecutor.runWorker(ThreadPoolExecutor.java:1149)
	at java.util.concurrent.ThreadPoolExecutor$Worker.run(ThreadPoolExecutor.java:624)
	at java.lang.Thread.run(Thread.java:748)
... Removed 21 stack frames</div></td></tr></table><p class="totop"><a href="#summary">back to summary</a></p>
<h3 id="m3">com.epam.automation.testsTestNG.CosinesCalcTest#testCosinesFunctionWithTestNG</h3><table class="result"><tr class="param"><th>Parameter #1</th><th>Parameter #2</th></tr><tr class="param stripe"><td>1.5707963267948966</td><td>0</td></tr><tr><th colspan="2">Exception</th></tr><tr><td colspan="2"><div class="stacktrace">java.lang.AssertionError: Invalid result of Cos operation expected [0.0] but found [1.0]
	at com.epam.automation.testsTestNG.CosinesCalcTest.testCosinesFunctionWithTestNG(CosinesCalcTest.java:15)
	at java.util.ArrayList.forEach(ArrayList.java:1257)
	at java.util.concurrent.FutureTask.run(FutureTask.java:266)
	at java.util.concurrent.ThreadPoolExecutor.runWorker(ThreadPoolExecutor.java:1149)
	at java.util.concurrent.ThreadPoolExecutor$Worker.run(ThreadPoolExecutor.java:624)
	at java.lang.Thread.run(Thread.java:748)
... Removed 21 stack frames</div></td></tr></table><p class="totop"><a href="#summary">back to summary</a></p>
<h3 id="m4">com.epam.automation.testsTestNG.CosinesCalcTest#testCosinesFunctionWithTestNG</h3><table class="result"><tr class="param"><th>Parameter #1</th><th>Parameter #2</th></tr><tr class="param stripe"><td>0.7853981633974483</td><td>0.7071067811865476</td></tr><tr><th colspan="2">Exception</th></tr><tr><td colspan="2"><div class="stacktrace">java.lang.AssertionError: Invalid result of Cos operation expected [0.7071067811865476] but found [0.7071067811865475]
	at com.epam.automation.testsTestNG.CosinesCalcTest.testCosinesFunctionWithTestNG(CosinesCalcTest.java:15)
	at java.util.ArrayList.forEach(ArrayList.java:1257)
	at java.util.concurrent.FutureTask.run(FutureTask.java:266)
	at java.util.concurrent.ThreadPoolExecutor.runWorker(ThreadPoolExecutor.java:1149)
	at java.util.concurrent.ThreadPoolExecutor$Worker.run(ThreadPoolExecutor.java:624)
	at java.lang.Thread.run(Thread.java:748)
... Removed 21 stack frames</div></td></tr></table><p class="totop"><a href="#summary">back to summary</a></p>
<h3 id="m5">com.epam.automation.testsTestNG.CosinesCalcTest#testCosinesFunctionWithTestNG</h3><table class="result"><tr class="param"><th>Parameter #1</th><th>Parameter #2</th></tr><tr class="param stripe"><td>0</td><td>1</td></tr><tr><th colspan="2">Exception</th></tr><tr><td colspan="2"><div class="stacktrace">java.lang.AssertionError: Invalid result of Cos operation expected [1.0] but found [0.0]
	at com.epam.automation.testsTestNG.CosinesCalcTest.testCosinesFunctionWithTestNG(CosinesCalcTest.java:15)
	at java.util.ArrayList.forEach(ArrayList.java:1257)
	at java.util.concurrent.FutureTask.run(FutureTask.java:266)
	at java.util.concurrent.ThreadPoolExecutor.runWorker(ThreadPoolExecutor.java:1149)
	at java.util.concurrent.ThreadPoolExecutor$Worker.run(ThreadPoolExecutor.java:624)
	at java.lang.Thread.run(Thread.java:748)
... Removed 21 stack frames</div></td></tr></table><p class="totop"><a href="#summary">back to summary</a></p>
<h3 id="m6">com.epam.automation.testsTestNG.DivCalcTest#testDivOperationWithDoubleValuesTestNG</h3><table class="result"><tr class="param"><th>Parameter #1</th><th>Parameter #2</th><th>Parameter #3</th></tr><tr class="param stripe"><td>1.0</td><td>0</td><td>1.0</td></tr><tr><th colspan="3">Exception</th></tr><tr><td colspan="3"><div class="stacktrace">java.lang.AssertionError: Incorrect result of division operation with double params expected [1.0] but found [Infinity]
	at com.epam.automation.testsTestNG.DivCalcTest.testDivOperationWithDoubleValuesTestNG(DivCalcTest.java:13)
	at java.util.ArrayList.forEach(ArrayList.java:1257)
	at java.util.concurrent.FutureTask.run(FutureTask.java:266)
	at java.util.concurrent.ThreadPoolExecutor.runWorker(ThreadPoolExecutor.java:1149)
	at java.util.concurrent.ThreadPoolExecutor$Worker.run(ThreadPoolExecutor.java:624)
	at java.lang.Thread.run(Thread.java:748)
... Removed 21 stack frames</div></td></tr></table><p class="totop"><a href="#summary">back to summary</a></p>
<h3 id="m7">com.epam.automation.testsTestNG.DivCalcTest#testDivOperationWithLongValuesTestNG</h3><table class="result"><tr class="param"><th>Parameter #1</th><th>Parameter #2</th><th>Parameter #3</th></tr><tr class="param stripe"><td>0</td><td>0</td><td>0</td></tr><tr><th colspan="3">Exception</th></tr><tr><td colspan="3"><div class="stacktrace">java.lang.NumberFormatException: Attempt to divide by zero
	at com.epam.tat.module4.Calculator.div(Calculator.java:34)
	at com.epam.automation.testsTestNG.DivCalcTest.testDivOperationWithLongValuesTestNG(DivCalcTest.java:30)
	at java.util.ArrayList.forEach(ArrayList.java:1257)
	at java.util.concurrent.FutureTask.run(FutureTask.java:266)
	at java.util.concurrent.ThreadPoolExecutor.runWorker(ThreadPoolExecutor.java:1149)
	at java.util.concurrent.ThreadPoolExecutor$Worker.run(ThreadPoolExecutor.java:624)
	at java.lang.Thread.run(Thread.java:748)
... Removed 18 stack frames</div></td></tr></table><p class="totop"><a href="#summary">back to summary</a></p>
<h3 id="m8">com.epam.automation.testsTestNG.IsNegativeTest#testIsNegativeValueWithPositiveParamTestNG</h3><table class="result"><tr class="param"><th>Parameter #1</th><th>Parameter #2</th></tr><tr class="param stripe"><td>-45</td><td>false</td></tr><tr><th colspan="2">Exception</th></tr><tr><td colspan="2"><div class="stacktrace">java.lang.AssertionError: Is negative operation has been failed expected [false] but found [true]
	at com.epam.automation.testsTestNG.IsNegativeTest.testIsNegativeValueWithPositiveParamTestNG(IsNegativeTest.java:13)
	at java.util.ArrayList.forEach(ArrayList.java:1257)
	at java.util.concurrent.FutureTask.run(FutureTask.java:266)
	at java.util.concurrent.ThreadPoolExecutor.runWorker(ThreadPoolExecutor.java:1149)
	at java.util.concurrent.ThreadPoolExecutor$Worker.run(ThreadPoolExecutor.java:624)
	at java.lang.Thread.run(Thread.java:748)
... Removed 22 stack frames</div></td></tr></table><p class="totop"><a href="#summary">back to summary</a></p>
<h3 id="m9">com.epam.automation.testsTestNG.IsPositiveTest#testIsNegativeValueWithPositiveParamTestNG</h3><table class="result"><tr class="param"><th>Parameter #1</th><th>Parameter #2</th></tr><tr class="param stripe"><td>-1</td><td>true</td></tr><tr><th colspan="2">Exception</th></tr><tr><td colspan="2"><div class="stacktrace">java.lang.AssertionError: Is positive operation has been failed expected [true] but found [false]
	at com.epam.automation.testsTestNG.IsPositiveTest.testIsNegativeValueWithPositiveParamTestNG(IsPositiveTest.java:13)
	at java.util.ArrayList.forEach(ArrayList.java:1257)
	at java.util.concurrent.FutureTask.run(FutureTask.java:266)
	at java.util.concurrent.ThreadPoolExecutor.runWorker(ThreadPoolExecutor.java:1149)
	at java.util.concurrent.ThreadPoolExecutor$Worker.run(ThreadPoolExecutor.java:624)
	at java.lang.Thread.run(Thread.java:748)
... Removed 22 stack frames</div></td></tr></table><p class="totop"><a href="#summary">back to summary</a></p>
<h3 id="m10">com.epam.automation.testsTestNG.PowCalcTest#testPowerFunctionWithTestNG</h3><table class="result"><tr class="param"><th>Parameter #1</th><th>Parameter #2</th><th>Parameter #3</th></tr><tr class="param stripe"><td>2</td><td>2.5</td><td>5.65685424949238</td></tr><tr><th colspan="3">Exception</th></tr><tr><td colspan="3"><div class="stacktrace">java.lang.AssertionError: Invalid result of Pow operation expected [5.65685424949238] but found [4.0]
	at com.epam.automation.testsTestNG.PowCalcTest.testPowerFunctionWithTestNG(PowCalcTest.java:14)
	at java.util.ArrayList.forEach(ArrayList.java:1257)
	at java.util.concurrent.FutureTask.run(FutureTask.java:266)
	at java.util.concurrent.ThreadPoolExecutor.runWorker(ThreadPoolExecutor.java:1149)
	at java.util.concurrent.ThreadPoolExecutor$Worker.run(ThreadPoolExecutor.java:624)
	at java.lang.Thread.run(Thread.java:748)
... Removed 21 stack frames</div></td></tr></table><p class="totop"><a href="#summary">back to summary</a></p>
<h3 id="m11">com.epam.automation.testsTestNG.PowCalcTest#testPowerFunctionWithTestNG</h3><table class="result"><tr class="param"><th>Parameter #1</th><th>Parameter #2</th><th>Parameter #3</th></tr><tr class="param stripe"><td>4.12</td><td>0</td><td>4.12</td></tr><tr><th colspan="3">Exception</th></tr><tr><td colspan="3"><div class="stacktrace">java.lang.AssertionError: Invalid result of Pow operation expected [4.12] but found [1.0]
	at com.epam.automation.testsTestNG.PowCalcTest.testPowerFunctionWithTestNG(PowCalcTest.java:14)
	at java.util.ArrayList.forEach(ArrayList.java:1257)
	at java.util.concurrent.FutureTask.run(FutureTask.java:266)
	at java.util.concurrent.ThreadPoolExecutor.runWorker(ThreadPoolExecutor.java:1149)
	at java.util.concurrent.ThreadPoolExecutor$Worker.run(ThreadPoolExecutor.java:624)
	at java.lang.Thread.run(Thread.java:748)
... Removed 21 stack frames</div></td></tr></table><p class="totop"><a href="#summary">back to summary</a></p>
<h3 id="m12">com.epam.automation.testsTestNG.PowCalcTest#testPowerFunctionWithTestNG</h3><table class="result"><tr class="param"><th>Parameter #1</th><th>Parameter #2</th><th>Parameter #3</th></tr><tr class="param stripe"><td>-1.8</td><td>2</td><td>-3.24</td></tr><tr><th colspan="3">Exception</th></tr><tr><td colspan="3"><div class="stacktrace">java.lang.AssertionError: Invalid result of Pow operation expected [-3.24] but found [3.24]
	at com.epam.automation.testsTestNG.PowCalcTest.testPowerFunctionWithTestNG(PowCalcTest.java:14)
	at java.util.ArrayList.forEach(ArrayList.java:1257)
	at java.util.concurrent.FutureTask.run(FutureTask.java:266)
	at java.util.concurrent.ThreadPoolExecutor.runWorker(ThreadPoolExecutor.java:1149)
	at java.util.concurrent.ThreadPoolExecutor$Worker.run(ThreadPoolExecutor.java:624)
	at java.lang.Thread.run(Thread.java:748)
... Removed 21 stack frames</div></td></tr></table><p class="totop"><a href="#summary">back to summary</a></p>
<h3 id="m13">com.epam.automation.testsTestNG.SinCalcTest#testSinesFunctionWithTestNG</h3><table class="result"><tr class="param"><th>Parameter #1</th><th>Parameter #2</th></tr><tr class="param stripe"><td>1</td><td>1</td></tr><tr><th colspan="2">Exception</th></tr><tr><td colspan="2"><div class="stacktrace">java.lang.AssertionError: Invalid result of Sin operation expected [1.0] but found [0.8414709848078965]
	at com.epam.automation.testsTestNG.SinCalcTest.testSinesFunctionWithTestNG(SinCalcTest.java:14)
	at java.util.ArrayList.forEach(ArrayList.java:1257)
	at java.util.concurrent.FutureTask.run(FutureTask.java:266)
	at java.util.concurrent.ThreadPoolExecutor.runWorker(ThreadPoolExecutor.java:1149)
	at java.util.concurrent.ThreadPoolExecutor$Worker.run(ThreadPoolExecutor.java:624)
	at java.lang.Thread.run(Thread.java:748)
... Removed 21 stack frames</div></td></tr></table><p class="totop"><a href="#summary">back to summary</a></p>
<h3 id="m14">com.epam.automation.testsTestNG.SinCalcTest#testSinesFunctionWithTestNG</h3><table class="result"><tr class="param"><th>Parameter #1</th><th>Parameter #2</th></tr><tr class="param stripe"><td>-3</td><td>1</td></tr><tr><th colspan="2">Exception</th></tr><tr><td colspan="2"><div class="stacktrace">java.lang.AssertionError: Invalid result of Sin operation expected [1.0] but found [-0.1411200080598672]
	at com.epam.automation.testsTestNG.SinCalcTest.testSinesFunctionWithTestNG(SinCalcTest.java:14)
	at java.util.ArrayList.forEach(ArrayList.java:1257)
	at java.util.concurrent.FutureTask.run(FutureTask.java:266)
	at java.util.concurrent.ThreadPoolExecutor.runWorker(ThreadPoolExecutor.java:1149)
	at java.util.concurrent.ThreadPoolExecutor$Worker.run(ThreadPoolExecutor.java:624)
	at java.lang.Thread.run(Thread.java:748)
... Removed 21 stack frames</div></td></tr></table><p class="totop"><a href="#summary">back to summary</a></p>
<h3 id="m15">com.epam.automation.testsTestNG.TangensCalcTest#testTangensFunctionWithTestNG</h3><table class="result"><tr class="param"><th>Parameter #1</th><th>Parameter #2</th></tr><tr class="param stripe"><td>60</td><td>1.7320508075688772</td></tr><tr><th colspan="2">Exception</th></tr><tr><td colspan="2"><div class="stacktrace">java.lang.AssertionError: Invalid result of Tg operation expected [1.7320508075688772] but found [1.0]
	at com.epam.automation.testsTestNG.TangensCalcTest.testTangensFunctionWithTestNG(TangensCalcTest.java:14)
	at java.util.ArrayList.forEach(ArrayList.java:1257)
	at java.util.concurrent.FutureTask.run(FutureTask.java:266)
	at java.util.concurrent.ThreadPoolExecutor.runWorker(ThreadPoolExecutor.java:1149)
	at java.util.concurrent.ThreadPoolExecutor$Worker.run(ThreadPoolExecutor.java:624)
	at java.lang.Thread.run(Thread.java:748)
... Removed 21 stack frames</div></td></tr></table><p class="totop"><a href="#summary">back to summary</a></p>
<h3 id="m16">com.epam.automation.testsTestNG.TangensCalcTest#testTangensFunctionWithTestNG</h3><table class="result"><tr class="param"><th>Parameter #1</th><th>Parameter #2</th></tr><tr class="param stripe"><td>0</td><td>0</td></tr><tr><th colspan="2">Exception</th></tr><tr><td colspan="2"><div class="stacktrace">java.lang.AssertionError: Invalid result of Tg operation expected [0.0] but found [NaN]
	at com.epam.automation.testsTestNG.TangensCalcTest.testTangensFunctionWithTestNG(TangensCalcTest.java:14)
	at java.util.ArrayList.forEach(ArrayList.java:1257)
	at java.util.concurrent.FutureTask.run(FutureTask.java:266)
	at java.util.concurrent.ThreadPoolExecutor.runWorker(ThreadPoolExecutor.java:1149)
	at java.util.concurrent.ThreadPoolExecutor$Worker.run(ThreadPoolExecutor.java:624)
	at java.lang.Thread.run(Thread.java:748)
... Removed 21 stack frames</div></td></tr></table><p class="totop"><a href="#summary">back to summary</a></p>
<h3 id="m17">com.epam.automation.testsTestNG.TangensCalcTest#testTangensFunctionWithTestNG</h3><table class="result"><tr class="param"><th>Parameter #1</th><th>Parameter #2</th></tr><tr class="param stripe"><td>180</td><td>0</td></tr><tr><th colspan="2">Exception</th></tr><tr><td colspan="2"><div class="stacktrace">java.lang.AssertionError: Invalid result of Tg operation expected [0.0] but found [1.0]
	at com.epam.automation.testsTestNG.TangensCalcTest.testTangensFunctionWithTestNG(TangensCalcTest.java:14)
	at java.util.ArrayList.forEach(ArrayList.java:1257)
	at java.util.concurrent.FutureTask.run(FutureTask.java:266)
	at java.util.concurrent.ThreadPoolExecutor.runWorker(ThreadPoolExecutor.java:1149)
	at java.util.concurrent.ThreadPoolExecutor$Worker.run(ThreadPoolExecutor.java:624)
	at java.lang.Thread.run(Thread.java:748)
... Removed 21 stack frames</div></td></tr></table><p class="totop"><a href="#summary">back to summary</a></p>
<h3 id="m18">com.epam.automation.testsTestNG.DivCalcTest#testDivOperationWithDoubleValuesTestNG</h3><table class="result"><tr class="param"><th>Parameter #1</th><th>Parameter #2</th><th>Parameter #3</th></tr><tr class="param stripe"><td>0</td><td>1.0</td><td>0</td></tr></table><p class="totop"><a href="#summary">back to summary</a></p>
<h3 id="m19">com.epam.automation.testsTestNG.DivCalcTest#testDivOperationWithDoubleValuesTestNG</h3><table class="result"><tr class="param"><th>Parameter #1</th><th>Parameter #2</th><th>Parameter #3</th></tr><tr class="param stripe"><td>90.0</td><td>-10.0</td><td>-9.0</td></tr></table><p class="totop"><a href="#summary">back to summary</a></p>
<h3 id="m20">com.epam.automation.testsTestNG.DivCalcTest#testDivOperationWithDoubleValuesTestNG</h3><table class="result"><tr class="param"><th>Parameter #1</th><th>Parameter #2</th><th>Parameter #3</th></tr><tr class="param stripe"><td>-10</td><td>-10</td><td>1</td></tr></table><p class="totop"><a href="#summary">back to summary</a></p>
<h3 id="m21">com.epam.automation.testsTestNG.DivCalcTest#testDivOperationWithDoubleValuesTestNG</h3><table class="result"><tr class="param"><th>Parameter #1</th><th>Parameter #2</th><th>Parameter #3</th></tr><tr class="param stripe"><td>135.0</td><td>-1.0</td><td>-135.0</td></tr></table><p class="totop"><a href="#summary">back to summary</a></p>
<h3 id="m22">com.epam.automation.testsTestNG.DivCalcTest#testDivOperationWithLongValuesTestNG</h3><table class="result"><tr class="param"><th>Parameter #1</th><th>Parameter #2</th><th>Parameter #3</th></tr><tr class="param stripe"><td>0</td><td>1200000</td><td>0</td></tr></table><p class="totop"><a href="#summary">back to summary</a></p>
<h3 id="m23">com.epam.automation.testsTestNG.DivCalcTest#testDivOperationWithLongValuesTestNG</h3><table class="result"><tr class="param"><th>Parameter #1</th><th>Parameter #2</th><th>Parameter #3</th></tr><tr class="param stripe"><td>1200000000</td><td>12000</td><td>100000</td></tr></table><p class="totop"><a href="#summary">back to summary</a></p>
<h3 id="m24">com.epam.automation.testsTestNG.DivCalcTest#testDivOperationWithLongValuesTestNG</h3><table class="result"><tr class="param"><th>Parameter #1</th><th>Parameter #2</th><th>Parameter #3</th></tr><tr class="param stripe"><td>-45454545</td><td>1</td><td>-45454545</td></tr></table><p class="totop"><a href="#summary">back to summary</a></p>
<h3 id="m25">com.epam.automation.testsTestNG.DivCalcTest#testDivOperationWithLongValuesTestNG</h3><table class="result"><tr class="param"><th>Parameter #1</th><th>Parameter #2</th><th>Parameter #3</th></tr><tr class="param stripe"><td>10000</td><td>-10000</td><td>-1</td></tr></table><p class="totop"><a href="#summary">back to summary</a></p>
<h3 id="m26">com.epam.automation.testsTestNG.IsNegativeTest#testIsNegativeValueWithPositiveParamTestNG</h3><table class="result"><tr class="param"><th>Parameter #1</th><th>Parameter #2</th></tr><tr class="param stripe"><td>1</td><td>false</td></tr></table><p class="totop"><a href="#summary">back to summary</a></p>
<h3 id="m27">com.epam.automation.testsTestNG.IsNegativeTest#testIsNegativeValueWithPositiveParamTestNG</h3><table class="result"><tr class="param"><th>Parameter #1</th><th>Parameter #2</th></tr><tr class="param stripe"><td>0</td><td>false</td></tr></table><p class="totop"><a href="#summary">back to summary</a></p>
<h3 id="m28">com.epam.automation.testsTestNG.IsPositiveTest#testIsNegativeValueWithPositiveParamTestNG</h3><table class="result"><tr class="param"><th>Parameter #1</th><th>Parameter #2</th></tr><tr class="param stripe"><td>45</td><td>true</td></tr></table><p class="totop"><a href="#summary">back to summary</a></p>
<h3 id="m29">com.epam.automation.testsTestNG.IsPositiveTest#testIsNegativeValueWithPositiveParamTestNG</h3><table class="result"><tr class="param"><th>Parameter #1</th><th>Parameter #2</th></tr><tr class="param stripe"><td>0</td><td>false</td></tr></table><p class="totop"><a href="#summary">back to summary</a></p>
<h3 id="m30">com.epam.automation.testsTestNG.MulCalcTest#testMulOperationWithDoubleValuesTestNG</h3><table class="result"><tr class="param"><th>Parameter #1</th><th>Parameter #2</th><th>Parameter #3</th></tr><tr class="param stripe"><td>1.0</td><td>1.0</td><td>1.0</td></tr></table><p class="totop"><a href="#summary">back to summary</a></p>
<h3 id="m31">com.epam.automation.testsTestNG.MulCalcTest#testMulOperationWithDoubleValuesTestNG</h3><table class="result"><tr class="param"><th>Parameter #1</th><th>Parameter #2</th><th>Parameter #3</th></tr><tr class="param stripe"><td>0</td><td>-120.0</td><td>0</td></tr></table><p class="totop"><a href="#summary">back to summary</a></p>
<h3 id="m32">com.epam.automation.testsTestNG.MulCalcTest#testMulOperationWithDoubleValuesTestNG</h3><table class="result"><tr class="param"><th>Parameter #1</th><th>Parameter #2</th><th>Parameter #3</th></tr><tr class="param stripe"><td>-10.0</td><td>-12.0</td><td>120</td></tr></table><p class="totop"><a href="#summary">back to summary</a></p>
<h3 id="m33">com.epam.automation.testsTestNG.MulCalcTest#testMulOperationWithDoubleValuesTestNG</h3><table class="result"><tr class="param"><th>Parameter #1</th><th>Parameter #2</th><th>Parameter #3</th></tr><tr class="param stripe"><td>135.0</td><td>0</td><td>0</td></tr></table><p class="totop"><a href="#summary">back to summary</a></p>
<h3 id="m34">com.epam.automation.testsTestNG.MulCalcTest#testMulOperationWithDoubleValuesTestNG</h3><table class="result"><tr class="param"><th>Parameter #1</th><th>Parameter #2</th><th>Parameter #3</th></tr><tr class="param stripe"><td>-10</td><td>3</td><td>-30</td></tr></table><p class="totop"><a href="#summary">back to summary</a></p>
<h3 id="m35">com.epam.automation.testsTestNG.MulCalcTest#testMulOperationWithLongValuesTestNG</h3><table class="result"><tr class="param"><th>Parameter #1</th><th>Parameter #2</th><th>Parameter #3</th></tr><tr class="param stripe"><td>121212</td><td>12000</td><td>1454544000</td></tr></table><p class="totop"><a href="#summary">back to summary</a></p>
<h3 id="m36">com.epam.automation.testsTestNG.MulCalcTest#testMulOperationWithLongValuesTestNG</h3><table class="result"><tr class="param"><th>Parameter #1</th><th>Parameter #2</th><th>Parameter #3</th></tr><tr class="param stripe"><td>-45454545</td><td>1</td><td>-45454545</td></tr></table><p class="totop"><a href="#summary">back to summary</a></p>
<h3 id="m37">com.epam.automation.testsTestNG.MulCalcTest#testMulOperationWithLongValuesTestNG</h3><table class="result"><tr class="param"><th>Parameter #1</th><th>Parameter #2</th><th>Parameter #3</th></tr><tr class="param stripe"><td>10000</td><td>-10000</td><td>-100000000</td></tr></table><p class="totop"><a href="#summary">back to summary</a></p>
<h3 id="m38">com.epam.automation.testsTestNG.MulCalcTest#testMulOperationWithLongValuesTestNG</h3><table class="result"><tr class="param"><th>Parameter #1</th><th>Parameter #2</th><th>Parameter #3</th></tr><tr class="param stripe"><td>0</td><td>1200000</td><td>0</td></tr></table><p class="totop"><a href="#summary">back to summary</a></p>
<h3 id="m39">com.epam.automation.testsTestNG.MulCalcTest#testMulOperationWithLongValuesTestNG</h3><table class="result"><tr class="param"><th>Parameter #1</th><th>Parameter #2</th><th>Parameter #3</th></tr><tr class="param stripe"><td>0</td><td>0</td><td>0</td></tr></table><p class="totop"><a href="#summary">back to summary</a></p>
<h3 id="m40">com.epam.automation.testsTestNG.PowCalcTest#testPowerFunctionWithTestNG</h3><table class="result"><tr class="param"><th>Parameter #1</th><th>Parameter #2</th><th>Parameter #3</th></tr><tr class="param stripe"><td>-2</td><td>2</td><td>4</td></tr></table><p class="totop"><a href="#summary">back to summary</a></p>
<h3 id="m41">com.epam.automation.testsTestNG.SinCalcTest#testSinesFunctionWithTestNG</h3><table class="result"><tr class="param"><th>Parameter #1</th><th>Parameter #2</th></tr><tr class="param stripe"><td>0</td><td>0</td></tr></table><p class="totop"><a href="#summary">back to summary</a></p>
<h3 id="m42">com.epam.automation.testsTestNG.SqrtCalcTest#testSquareRootFunctionWithTestNG</h3><table class="result"><tr class="param"><th>Parameter #1</th><th>Parameter #2</th></tr><tr class="param stripe"><td>-4</td><td>2</td></tr></table><p class="totop"><a href="#summary">back to summary</a></p>
<h3 id="m43">com.epam.automation.testsTestNG.SqrtCalcTest#testSquareRootFunctionWithTestNG</h3><table class="result"><tr class="param"><th>Parameter #1</th><th>Parameter #2</th></tr><tr class="param stripe"><td>1</td><td>1</td></tr></table><p class="totop"><a href="#summary">back to summary</a></p>
<h3 id="m44">com.epam.automation.testsTestNG.SqrtCalcTest#testSquareRootFunctionWithTestNG</h3><table class="result"><tr class="param"><th>Parameter #1</th><th>Parameter #2</th></tr><tr class="param stripe"><td>100</td><td>10</td></tr></table><p class="totop"><a href="#summary">back to summary</a></p>
<h3 id="m45">com.epam.automation.testsTestNG.SqrtCalcTest#testSquareRootFunctionWithTestNG</h3><table class="result"><tr class="param"><th>Parameter #1</th><th>Parameter #2</th></tr><tr class="param stripe"><td>0</td><td>0</td></tr></table><p class="totop"><a href="#summary">back to summary</a></p>
<h3 id="m46">com.epam.automation.testsTestNG.SubCalcTest#testSubstractionWithDoubleValuesTestNG</h3><table class="result"><tr class="param"><th>Parameter #1</th><th>Parameter #2</th><th>Parameter #3</th></tr><tr class="param stripe"><td>90.0</td><td>-45.0</td><td>135.0</td></tr></table><p class="totop"><a href="#summary">back to summary</a></p>
<h3 id="m47">com.epam.automation.testsTestNG.SubCalcTest#testSubstractionWithDoubleValuesTestNG</h3><table class="result"><tr class="param"><th>Parameter #1</th><th>Parameter #2</th><th>Parameter #3</th></tr><tr class="param stripe"><td>135.0</td><td>0.0</td><td>135.0</td></tr></table><p class="totop"><a href="#summary">back to summary</a></p>
<h3 id="m48">com.epam.automation.testsTestNG.SubCalcTest#testSubstractionWithDoubleValuesTestNG</h3><table class="result"><tr class="param"><th>Parameter #1</th><th>Parameter #2</th><th>Parameter #3</th></tr><tr class="param stripe"><td>0.0</td><td>120.0</td><td>-120.0</td></tr></table><p class="totop"><a href="#summary">back to summary</a></p>
<h3 id="m49">com.epam.automation.testsTestNG.SubCalcTest#testSubstractionWithDoubleValuesTestNG</h3><table class="result"><tr class="param"><th>Parameter #1</th><th>Parameter #2</th><th>Parameter #3</th></tr><tr class="param stripe"><td>-3.9</td><td>1.5</td><td>-5.4</td></tr></table><p class="totop"><a href="#summary">back to summary</a></p>
<h3 id="m50">com.epam.automation.testsTestNG.SubCalcTest#testSubstractionWithDoubleValuesTestNG</h3><table class="result"><tr class="param"><th>Parameter #1</th><th>Parameter #2</th><th>Parameter #3</th></tr><tr class="param stripe"><td>-1.0</td><td>-1.0</td><td>0</td></tr></table><p class="totop"><a href="#summary">back to summary</a></p>
<h3 id="m51">com.epam.automation.testsTestNG.SubCalcTest#testSubstractionWithLongValuesTestNG</h3><table class="result"><tr class="param"><th>Parameter #1</th><th>Parameter #2</th><th>Parameter #3</th></tr><tr class="param stripe"><td>999999999</td><td>-1</td><td>1000000000</td></tr></table><p class="totop"><a href="#summary">back to summary</a></p>
<h3 id="m52">com.epam.automation.testsTestNG.SubCalcTest#testSubstractionWithLongValuesTestNG</h3><table class="result"><tr class="param"><th>Parameter #1</th><th>Parameter #2</th><th>Parameter #3</th></tr><tr class="param stripe"><td>1350000000</td><td>0</td><td>1350000000</td></tr></table><p class="totop"><a href="#summary">back to summary</a></p>
<h3 id="m53">com.epam.automation.testsTestNG.SubCalcTest#testSubstractionWithLongValuesTestNG</h3><table class="result"><tr class="param"><th>Parameter #1</th><th>Parameter #2</th><th>Parameter #3</th></tr><tr class="param stripe"><td>-1111111111</td><td>-888888888</td><td>-222222223</td></tr></table><p class="totop"><a href="#summary">back to summary</a></p>
<h3 id="m54">com.epam.automation.testsTestNG.SubCalcTest#testSubstractionWithLongValuesTestNG</h3><table class="result"><tr class="param"><th>Parameter #1</th><th>Parameter #2</th><th>Parameter #3</th></tr><tr class="param stripe"><td>0</td><td>1200000000</td><td>-1200000000</td></tr></table><p class="totop"><a href="#summary">back to summary</a></p>
<h3 id="m55">com.epam.automation.testsTestNG.SubCalcTest#testSubstractionWithLongValuesTestNG</h3><table class="result"><tr class="param"><th>Parameter #1</th><th>Parameter #2</th><th>Parameter #3</th></tr><tr class="param stripe"><td>-1000000000</td><td>-1</td><td>-999999999</td></tr></table><p class="totop"><a href="#summary">back to summary</a></p>
<h3 id="m56">com.epam.automation.testsTestNG.SumCalcTest#testSummationWithDoubleValuesTestNG</h3><table class="result"><tr class="param"><th>Parameter #1</th><th>Parameter #2</th><th>Parameter #3</th></tr><tr class="param stripe"><td>0.0</td><td>0.0</td><td>0.0</td></tr></table><p class="totop"><a href="#summary">back to summary</a></p>
<h3 id="m57">com.epam.automation.testsTestNG.SumCalcTest#testSummationWithDoubleValuesTestNG</h3><table class="result"><tr class="param"><th>Parameter #1</th><th>Parameter #2</th><th>Parameter #3</th></tr><tr class="param stripe"><td>-1.0</td><td>-2.0</td><td>-3.0</td></tr></table><p class="totop"><a href="#summary">back to summary</a></p>
<h3 id="m58">com.epam.automation.testsTestNG.SumCalcTest#testSummationWithDoubleValuesTestNG</h3><table class="result"><tr class="param"><th>Parameter #1</th><th>Parameter #2</th><th>Parameter #3</th></tr><tr class="param stripe"><td>0.0</td><td>1.0</td><td>1.0</td></tr></table><p class="totop"><a href="#summary">back to summary</a></p>
<h3 id="m59">com.epam.automation.testsTestNG.SumCalcTest#testSummationWithDoubleValuesTestNG</h3><table class="result"><tr class="param"><th>Parameter #1</th><th>Parameter #2</th><th>Parameter #3</th></tr><tr class="param stripe"><td>-310.0</td><td>10.0</td><td>-300.0</td></tr></table><p class="totop"><a href="#summary">back to summary</a></p>
<h3 id="m60">com.epam.automation.testsTestNG.SumCalcTest#testSummationWithDoubleValuesTestNG</h3><table class="result"><tr class="param"><th>Parameter #1</th><th>Parameter #2</th><th>Parameter #3</th></tr><tr class="param stripe"><td>3.0</td><td>-5.0</td><td>-2.0</td></tr></table><p class="totop"><a href="#summary">back to summary</a></p>
<h3 id="m61">com.epam.automation.testsTestNG.SumCalcTest#testSummationWithLongValuesTestNG</h3><table class="result"><tr class="param"><th>Parameter #1</th><th>Parameter #2</th><th>Parameter #3</th></tr><tr class="param stripe"><td>0</td><td>1999999999</td><td>1999999999</td></tr></table><p class="totop"><a href="#summary">back to summary</a></p>
<h3 id="m62">com.epam.automation.testsTestNG.SumCalcTest#testSummationWithLongValuesTestNG</h3><table class="result"><tr class="param"><th>Parameter #1</th><th>Parameter #2</th><th>Parameter #3</th></tr><tr class="param stripe"><td>0</td><td>0</td><td>0</td></tr></table><p class="totop"><a href="#summary">back to summary</a></p>
<h3 id="m63">com.epam.automation.testsTestNG.SumCalcTest#testSummationWithLongValuesTestNG</h3><table class="result"><tr class="param"><th>Parameter #1</th><th>Parameter #2</th><th>Parameter #3</th></tr><tr class="param stripe"><td>-1000000000</td><td>-222222222</td><td>-1222222222</td></tr></table><p class="totop"><a href="#summary">back to summary</a></p>
<h3 id="m64">com.epam.automation.testsTestNG.SumCalcTest#testSummationWithLongValuesTestNG</h3><table class="result"><tr class="param"><th>Parameter #1</th><th>Parameter #2</th><th>Parameter #3</th></tr><tr class="param stripe"><td>-310000000</td><td>1000000000</td><td>690000000</td></tr></table><p class="totop"><a href="#summary">back to summary</a></p>
<h3 id="m65">com.epam.automation.testsTestNG.SumCalcTest#testSummationWithLongValuesTestNG</h3><table class="result"><tr class="param"><th>Parameter #1</th><th>Parameter #2</th><th>Parameter #3</th></tr><tr class="param stripe"><td>399999999</td><td>-5000000</td><td>394999999</td></tr></table><p class="totop"><a href="#summary">back to summary</a></p>
<h3 id="m66">com.epam.automation.testsTestNG.TangensCalcTest#testTangensFunctionWithTestNG</h3><table class="result"><tr class="param"><th>Parameter #1</th><th>Parameter #2</th></tr><tr class="param stripe"><td>45</td><td>1</td></tr></table><p class="totop"><a href="#summary">back to summary</a></p>
</body>
</html>
