<?xml version="1.0" encoding="UTF-8"?>
<!-- Generated by org.testng.reporters.JUnitReportReporter -->
<testsuite skipped="0" hostname="EPBYMINW3264" name="com.epam.automation.testsTestNG.DivCalcTest" tests="10" failures="1" timestamp="2020-03-12T18:16:18 MSK" time="0.001" errors="1">
  <testcase name="testDivOperationWithLongValuesTestNG" time="0.000" classname="com.epam.automation.testsTestNG.DivCalcTest"/>
  <system-out/>
  <testcase name="testDivOperationWithLongValuesTestNG" time="0.000" classname="com.epam.automation.testsTestNG.DivCalcTest">
    <error type="java.lang.NumberFormatException" message="Attempt to divide by zero">
      <![CDATA[java.lang.NumberFormatException: Attempt to divide by zero
at com.epam.tat.module4.Calculator.div(Calculator.java:34)
at com.epam.automation.testsTestNG.DivCalcTest.testDivOperationWithLongValuesTestNG(DivCalcTest.java:30)
at sun.reflect.NativeMethodAccessorImpl.invoke0(Native Method)
at sun.reflect.NativeMethodAccessorImpl.invoke(NativeMethodAccessorImpl.java:62)
at sun.reflect.DelegatingMethodAccessorImpl.invoke(DelegatingMethodAccessorImpl.java:43)
at java.lang.reflect.Method.invoke(Method.java:498)
at org.testng.internal.MethodInvocationHelper.invokeMethod(MethodInvocationHelper.java:134)
at org.testng.internal.TestInvoker.invokeMethod(TestInvoker.java:597)
at org.testng.internal.TestInvoker.invokeTestMethod(TestInvoker.java:173)
at org.testng.internal.MethodRunner.runInSequence(MethodRunner.java:46)
at org.testng.internal.TestInvoker$MethodInvocationAgent.invoke(TestInvoker.java:816)
at org.testng.internal.TestInvoker.invokeTestMethods(TestInvoker.java:146)
at org.testng.internal.TestMethodWorker.invokeTestMethods(TestMethodWorker.java:146)
at org.testng.internal.TestMethodWorker.run(TestMethodWorker.java:128)
at java.util.ArrayList.forEach(ArrayList.java:1257)
at org.testng.TestRunner.privateRun(TestRunner.java:766)
at org.testng.TestRunner.run(TestRunner.java:587)
at org.testng.SuiteRunner.runTest(SuiteRunner.java:384)
at org.testng.SuiteRunner.access$000(SuiteRunner.java:28)
at org.testng.SuiteRunner$SuiteWorker.run(SuiteRunner.java:425)
at org.testng.internal.thread.ThreadUtil.lambda$execute$0(ThreadUtil.java:68)
at java.util.concurrent.FutureTask.run(FutureTask.java:266)
at java.util.concurrent.ThreadPoolExecutor.runWorker(ThreadPoolExecutor.java:1149)
at java.util.concurrent.ThreadPoolExecutor$Worker.run(ThreadPoolExecutor.java:624)
at java.lang.Thread.run(Thread.java:748)
]]>
    </error>
  </testcase> <!-- testDivOperationWithLongValuesTestNG -->
  <system-out/>
  <testcase name="testDivOperationWithLongValuesTestNG" time="0.000" classname="com.epam.automation.testsTestNG.DivCalcTest"/>
  <system-out/>
  <testcase name="testDivOperationWithDoubleValuesTestNG" time="0.000" classname="com.epam.automation.testsTestNG.DivCalcTest"/>
  <system-out/>
  <testcase name="testDivOperationWithDoubleValuesTestNG" time="0.000" classname="com.epam.automation.testsTestNG.DivCalcTest">
    <failure type="java.lang.AssertionError" message="Incorrect result of division operation with double params expected [1.0] but found [Infinity]">
      <![CDATA[java.lang.AssertionError: Incorrect result of division operation with double params expected [1.0] but found [Infinity]
at org.testng.Assert.fail(Assert.java:97)
at org.testng.Assert.failNotEquals(Assert.java:969)
at org.testng.Assert.assertEquals(Assert.java:640)
at com.epam.automation.testsTestNG.DivCalcTest.testDivOperationWithDoubleValuesTestNG(DivCalcTest.java:13)
at sun.reflect.NativeMethodAccessorImpl.invoke0(Native Method)
at sun.reflect.NativeMethodAccessorImpl.invoke(NativeMethodAccessorImpl.java:62)
at sun.reflect.DelegatingMethodAccessorImpl.invoke(DelegatingMethodAccessorImpl.java:43)
at java.lang.reflect.Method.invoke(Method.java:498)
at org.testng.internal.MethodInvocationHelper.invokeMethod(MethodInvocationHelper.java:134)
at org.testng.internal.TestInvoker.invokeMethod(TestInvoker.java:597)
at org.testng.internal.TestInvoker.invokeTestMethod(TestInvoker.java:173)
at org.testng.internal.MethodRunner.runInSequence(MethodRunner.java:46)
at org.testng.internal.TestInvoker$MethodInvocationAgent.invoke(TestInvoker.java:816)
at org.testng.internal.TestInvoker.invokeTestMethods(TestInvoker.java:146)
at org.testng.internal.TestMethodWorker.invokeTestMethods(TestMethodWorker.java:146)
at org.testng.internal.TestMethodWorker.run(TestMethodWorker.java:128)
at java.util.ArrayList.forEach(ArrayList.java:1257)
at org.testng.TestRunner.privateRun(TestRunner.java:766)
at org.testng.TestRunner.run(TestRunner.java:587)
at org.testng.SuiteRunner.runTest(SuiteRunner.java:384)
at org.testng.SuiteRunner.access$000(SuiteRunner.java:28)
at org.testng.SuiteRunner$SuiteWorker.run(SuiteRunner.java:425)
at org.testng.internal.thread.ThreadUtil.lambda$execute$0(ThreadUtil.java:68)
at java.util.concurrent.FutureTask.run(FutureTask.java:266)
at java.util.concurrent.ThreadPoolExecutor.runWorker(ThreadPoolExecutor.java:1149)
at java.util.concurrent.ThreadPoolExecutor$Worker.run(ThreadPoolExecutor.java:624)
at java.lang.Thread.run(Thread.java:748)
]]>
    </failure>
  </testcase> <!-- testDivOperationWithDoubleValuesTestNG -->
  <system-out/>
  <testcase name="testDivOperationWithLongValuesTestNG" time="0.000" classname="com.epam.automation.testsTestNG.DivCalcTest"/>
  <system-out/>
  <testcase name="testDivOperationWithDoubleValuesTestNG" time="0.000" classname="com.epam.automation.testsTestNG.DivCalcTest"/>
  <system-out/>
  <testcase name="testDivOperationWithDoubleValuesTestNG" time="0.000" classname="com.epam.automation.testsTestNG.DivCalcTest"/>
  <system-out/>
  <testcase name="testDivOperationWithDoubleValuesTestNG" time="0.001" classname="com.epam.automation.testsTestNG.DivCalcTest"/>
  <system-out/>
  <testcase name="testDivOperationWithLongValuesTestNG" time="0.000" classname="com.epam.automation.testsTestNG.DivCalcTest"/>
  <system-out/>
</testsuite> <!-- com.epam.automation.testsTestNG.DivCalcTest -->
